[2026-05-13 02:18:28] [app] [INFO] 日志系统初始化完成
[2026-05-13 02:18:28] [app] [INFO] 应用创建开始
[2026-05-13 02:18:28] [app] [INFO] 应用配置加载完成
[2026-05-13 02:18:28] [app] [INFO] FastAPI 应用实例创建完成
[2026-05-13 02:18:28] [app] [INFO] 业务路由注册完成
[2026-05-13 02:18:45] [app] [INFO] 日志系统初始化完成
[2026-05-13 02:18:45] [app] [INFO] 应用创建开始
[2026-05-13 02:18:45] [app] [INFO] 应用配置加载完成
[2026-05-13 02:18:45] [app] [INFO] FastAPI 应用实例创建完成
[2026-05-13 02:18:45] [app] [INFO] 业务路由注册完成
[2026-05-13 02:18:45] [app] [INFO] 应用启动事件开始
[2026-05-13 02:18:46] [app] [INFO] 任务调度器启动成功
[2026-05-13 02:18:46] [app] [INFO] 应用启动完成
[2026-05-13 02:18:46] [app] [INFO] 应用关闭事件开始
[2026-05-13 02:18:46] [app] [INFO] 任务调度器关闭成功
[2026-05-13 02:18:46] [app] [INFO] 应用关闭完成
[2026-05-13 02:49:29] [app] [INFO] 日志系统初始化完成
[2026-05-13 02:49:29] [app] [INFO] 应用创建开始
[2026-05-13 02:49:29] [app] [INFO] 应用配置加载完成
[2026-05-13 02:49:29] [app] [INFO] FastAPI 应用实例创建完成
[2026-05-13 02:49:29] [app] [INFO] 业务路由注册完成
[2026-05-13 02:49:29] [app] [INFO] 应用启动事件开始
[2026-05-13 02:49:30] [app] [INFO] 任务调度器启动成功
[2026-05-13 02:49:30] [app] [INFO] 应用启动完成
[2026-05-13 07:36:11] [app] [INFO] 日志系统初始化完成
[2026-05-13 07:36:11] [app] [INFO] 应用创建开始
[2026-05-13 07:36:11] [app] [INFO] 应用配置加载完成
[2026-05-13 07:36:11] [app] [INFO] FastAPI 应用实例创建完成
[2026-05-13 07:36:11] [app] [INFO] 业务路由注册完成
[2026-05-13 07:36:11] [app] [INFO] 应用启动事件开始
[2026-05-13 07:36:12] [app] [INFO] 任务调度器启动成功
[2026-05-13 07:36:12] [app] [INFO] 应用启动完成
[2026-05-13 07:52:43] [app] [INFO] 应用关闭事件开始
[2026-05-13 07:52:43] [app] [INFO] 任务调度器关闭成功
[2026-05-13 07:52:43] [app] [INFO] 应用关闭完成
[2026-05-13 07:52:49] [app] [INFO] 日志系统初始化完成
[2026-05-13 07:52:49] [app] [INFO] 应用创建开始
[2026-05-13 07:52:49] [app] [INFO] 应用配置加载完成
[2026-05-13 07:52:49] [app] [INFO] FastAPI 应用实例创建完成
[2026-05-13 07:52:49] [app] [INFO] 业务路由注册完成
[2026-05-13 07:52:49] [app] [INFO] 应用启动事件开始
[2026-05-13 07:52:50] [app] [INFO] 任务调度器启动成功
[2026-05-13 07:52:50] [app] [INFO] 应用启动完成
[2026-05-13 07:52:50] [app] [INFO] 应用关闭事件开始
[2026-05-13 07:52:50] [app] [INFO] 任务调度器关闭成功
[2026-05-13 07:52:50] [app] [INFO] 应用关闭完成
[2026-05-13 07:53:33] [app] [INFO] 日志系统初始化完成
[2026-05-13 07:53:33] [app] [INFO] 应用创建开始
[2026-05-13 07:53:33] [app] [INFO] 应用配置加载完成
[2026-05-13 07:53:33] [app] [INFO] FastAPI 应用实例创建完成
[2026-05-13 07:53:33] [app] [INFO] 业务路由注册完成
[2026-05-13 07:53:33] [app] [INFO] 应用启动事件开始
[2026-05-13 07:53:34] [app] [INFO] 任务调度器启动成功
[2026-05-13 07:53:34] [app] [INFO] 应用启动完成
