[2026-05-13 02:18:45] [jobs] [INFO] APScheduler 初始化成功
[2026-05-13 02:18:46] [jobs] [INFO] 任务注册
[2026-05-13 02:18:46] [jobs] [INFO] 任务注册
[2026-05-13 02:18:46] [jobs] [INFO] 任务注册
[2026-05-13 02:18:46] [jobs] [INFO] 任务注册
[2026-05-13 02:18:46] [jobs] [INFO] 任务注册
[2026-05-13 02:18:46] [jobs] [INFO] 任务注册
[2026-05-13 02:18:46] [jobs] [INFO] 任务注册
[2026-05-13 02:18:46] [jobs] [INFO] 任务注册
[2026-05-13 02:18:46] [jobs] [INFO] 任务注册
[2026-05-13 02:18:46] [jobs] [INFO] 任务调度器启动成功
[2026-05-13 02:18:46] [jobs] [INFO] 任务调度器关闭成功
[2026-05-13 02:49:29] [jobs] [INFO] APScheduler 初始化成功
[2026-05-13 02:49:30] [jobs] [INFO] 任务注册
[2026-05-13 02:49:30] [jobs] [INFO] 任务注册
[2026-05-13 02:49:30] [jobs] [INFO] 任务注册
[2026-05-13 02:49:30] [jobs] [INFO] 任务注册
[2026-05-13 02:49:30] [jobs] [INFO] 任务注册
[2026-05-13 02:49:30] [jobs] [INFO] 任务注册
[2026-05-13 02:49:30] [jobs] [INFO] 任务注册
[2026-05-13 02:49:30] [jobs] [INFO] 任务注册
[2026-05-13 02:49:30] [jobs] [INFO] 任务注册
[2026-05-13 02:49:30] [jobs] [INFO] 任务调度器启动成功
[2026-05-13 07:00:00] [jobs] [INFO] 任务入队
[2026-05-13 07:00:00] [jobs] [INFO] 任务入队
[2026-05-13 07:00:00] [jobs] [INFO] 任务执行开始
[2026-05-13 07:00:00] [jobs] [INFO] 任务执行开始
[2026-05-13 07:00:05] [jobs] [ERROR] 任务执行失败
[2026-05-13 07:00:23] [jobs] [INFO] 任务执行成功
[2026-05-13 07:36:11] [jobs] [INFO] APScheduler 初始化成功
[2026-05-13 07:36:12] [jobs] [INFO] 任务注册
[2026-05-13 07:36:12] [jobs] [INFO] 任务注册
[2026-05-13 07:36:12] [jobs] [INFO] 任务注册
[2026-05-13 07:36:12] [jobs] [INFO] 任务注册
[2026-05-13 07:36:12] [jobs] [INFO] 任务注册
[2026-05-13 07:36:12] [jobs] [INFO] 任务注册
[2026-05-13 07:36:12] [jobs] [INFO] 任务注册
[2026-05-13 07:36:12] [jobs] [INFO] 任务注册
[2026-05-13 07:36:12] [jobs] [INFO] 任务注册
[2026-05-13 07:36:12] [jobs] [INFO] 任务调度器启动成功
[2026-05-13 07:52:43] [jobs] [INFO] 任务调度器关闭成功
[2026-05-13 07:52:49] [jobs] [INFO] APScheduler 初始化成功
[2026-05-13 07:52:50] [jobs] [INFO] 任务注册
[2026-05-13 07:52:50] [jobs] [INFO] 任务注册
[2026-05-13 07:52:50] [jobs] [INFO] 任务注册
[2026-05-13 07:52:50] [jobs] [INFO] 任务注册
[2026-05-13 07:52:50] [jobs] [INFO] 任务注册
[2026-05-13 07:52:50] [jobs] [INFO] 任务注册
[2026-05-13 07:52:50] [jobs] [INFO] 任务注册
[2026-05-13 07:52:50] [jobs] [INFO] 任务注册
[2026-05-13 07:52:50] [jobs] [INFO] 任务注册
[2026-05-13 07:52:50] [jobs] [INFO] 任务调度器启动成功
[2026-05-13 07:52:50] [jobs] [INFO] 任务调度器关闭成功
[2026-05-13 07:53:33] [jobs] [INFO] APScheduler 初始化成功
[2026-05-13 07:53:34] [jobs] [INFO] 任务注册
[2026-05-13 07:53:34] [jobs] [INFO] 任务注册
[2026-05-13 07:53:34] [jobs] [INFO] 任务注册
[2026-05-13 07:53:34] [jobs] [INFO] 任务注册
[2026-05-13 07:53:34] [jobs] [INFO] 任务注册
[2026-05-13 07:53:34] [jobs] [INFO] 任务注册
[2026-05-13 07:53:34] [jobs] [INFO] 任务注册
[2026-05-13 07:53:34] [jobs] [INFO] 任务注册
[2026-05-13 07:53:34] [jobs] [INFO] 任务注册
[2026-05-13 07:53:34] [jobs] [INFO] 任务调度器启动成功
[2026-05-13 08:00:00] [jobs] [INFO] 任务入队
[2026-05-13 08:00:00] [jobs] [INFO] 任务执行开始
[2026-05-13 08:00:06] [jobs] [ERROR] 任务执行失败
