[2026-05-11 14:13:58] [app] [INFO] 日志系统初始化完成
[2026-05-11 14:23:31] [app] [INFO] 日志系统初始化完成
[2026-05-11 14:23:31] [app] [INFO] 应用创建开始
[2026-05-11 14:23:31] [app] [INFO] 应用配置加载完成
[2026-05-11 14:23:31] [app] [INFO] FastAPI 应用实例创建完成
[2026-05-11 14:23:31] [app] [INFO] 业务路由注册完成
[2026-05-11 14:23:31] [app] [INFO] 应用启动事件开始
[2026-05-11 14:23:34] [app] [INFO] 日志系统初始化完成
[2026-05-11 14:23:34] [app] [INFO] 应用创建开始
[2026-05-11 14:23:34] [app] [INFO] 应用配置加载完成
[2026-05-11 14:23:34] [app] [INFO] FastAPI 应用实例创建完成
[2026-05-11 14:23:34] [app] [INFO] 业务路由注册完成
[2026-05-11 14:23:34] [app] [INFO] 任务调度器启动成功
[2026-05-11 14:23:34] [app] [INFO] 应用启动完成
[2026-05-11 14:24:18] [app] [INFO] 日志系统初始化完成
[2026-05-11 14:24:18] [app] [INFO] 应用创建开始
[2026-05-11 14:24:18] [app] [INFO] 应用配置加载完成
[2026-05-11 14:24:18] [app] [INFO] FastAPI 应用实例创建完成
[2026-05-11 14:24:18] [app] [INFO] 业务路由注册完成
[2026-05-11 14:24:18] [app] [INFO] 日志系统初始化完成
[2026-05-11 14:24:18] [app] [INFO] 应用创建开始
[2026-05-11 14:24:18] [app] [INFO] 应用配置加载完成
[2026-05-11 14:24:18] [app] [INFO] FastAPI 应用实例创建完成
[2026-05-11 14:24:18] [app] [INFO] 业务路由注册完成
[2026-05-11 14:47:13] [app] [INFO] 日志系统初始化完成
[2026-05-11 14:47:13] [app] [INFO] 应用创建开始
[2026-05-11 14:47:13] [app] [INFO] 应用配置加载完成
[2026-05-11 14:47:13] [app] [INFO] FastAPI 应用实例创建完成
[2026-05-11 14:47:13] [app] [INFO] 业务路由注册完成
[2026-05-11 14:49:41] [app] [INFO] 日志系统初始化完成
[2026-05-11 14:49:41] [app] [INFO] 应用创建开始
[2026-05-11 14:49:41] [app] [INFO] 应用配置加载完成
[2026-05-11 14:49:41] [app] [INFO] FastAPI 应用实例创建完成
[2026-05-11 14:49:42] [app] [INFO] 业务路由注册完成
[2026-05-11 14:50:26] [app] [INFO] 日志系统初始化完成
[2026-05-11 14:50:26] [app] [INFO] 应用创建开始
[2026-05-11 14:50:26] [app] [INFO] 应用配置加载完成
[2026-05-11 14:50:26] [app] [INFO] FastAPI 应用实例创建完成
[2026-05-11 14:50:26] [app] [INFO] 业务路由注册完成
[2026-05-11 15:00:57] [app] [INFO] 日志系统初始化完成
[2026-05-11 15:00:57] [app] [INFO] 应用创建开始
[2026-05-11 15:00:57] [app] [INFO] 应用配置加载完成
[2026-05-11 15:00:57] [app] [INFO] FastAPI 应用实例创建完成
[2026-05-11 15:00:57] [app] [INFO] 业务路由注册完成
[2026-05-11 15:00:57] [app] [INFO] 日志系统初始化完成
[2026-05-11 15:00:57] [app] [INFO] 应用创建开始
[2026-05-11 15:00:57] [app] [INFO] 应用配置加载完成
[2026-05-11 15:00:57] [app] [INFO] FastAPI 应用实例创建完成
[2026-05-11 15:00:57] [app] [INFO] 业务路由注册完成
[2026-05-11 15:01:29] [app] [INFO] 日志系统初始化完成
[2026-05-11 15:01:29] [app] [INFO] 应用创建开始
[2026-05-11 15:01:29] [app] [INFO] 应用配置加载完成
[2026-05-11 15:01:29] [app] [INFO] FastAPI 应用实例创建完成
[2026-05-11 15:01:29] [app] [INFO] 业务路由注册完成
[2026-05-11 15:01:29] [app] [INFO] 日志系统初始化完成
[2026-05-11 15:01:29] [app] [INFO] 应用创建开始
[2026-05-11 15:01:29] [app] [INFO] 应用配置加载完成
[2026-05-11 15:01:29] [app] [INFO] FastAPI 应用实例创建完成
[2026-05-11 15:01:29] [app] [INFO] 业务路由注册完成
[2026-05-11 15:24:05] [app] [INFO] 日志系统初始化完成
[2026-05-11 15:24:05] [app] [INFO] 应用创建开始
[2026-05-11 15:24:05] [app] [INFO] 应用配置加载完成
[2026-05-11 15:24:05] [app] [INFO] FastAPI 应用实例创建完成
[2026-05-11 15:24:05] [app] [INFO] 业务路由注册完成
[2026-05-11 15:28:08] [app] [INFO] 日志系统初始化完成
[2026-05-11 15:28:08] [app] [INFO] 应用创建开始
[2026-05-11 15:28:08] [app] [INFO] 应用配置加载完成
[2026-05-11 15:28:08] [app] [INFO] FastAPI 应用实例创建完成
[2026-05-11 15:28:08] [app] [INFO] 业务路由注册完成
[2026-05-11 15:39:00] [app] [INFO] 日志系统初始化完成
[2026-05-11 15:39:00] [app] [INFO] 应用创建开始
[2026-05-11 15:39:00] [app] [INFO] 应用配置加载完成
[2026-05-11 15:39:00] [app] [INFO] FastAPI 应用实例创建完成
[2026-05-11 15:39:00] [app] [INFO] 业务路由注册完成
[2026-05-11 15:39:18] [app] [INFO] 日志系统初始化完成
[2026-05-11 15:39:18] [app] [INFO] 应用创建开始
[2026-05-11 15:39:18] [app] [INFO] 应用配置加载完成
[2026-05-11 15:39:18] [app] [INFO] FastAPI 应用实例创建完成
[2026-05-11 15:39:19] [app] [INFO] 业务路由注册完成
[2026-05-11 15:55:44] [app] [INFO] 日志系统初始化完成
[2026-05-11 15:55:44] [app] [INFO] 应用创建开始
[2026-05-11 15:55:44] [app] [INFO] 应用配置加载完成
[2026-05-11 15:55:44] [app] [INFO] FastAPI 应用实例创建完成
[2026-05-11 15:55:44] [app] [INFO] 业务路由注册完成
[2026-05-11 15:55:44] [app] [INFO] 日志系统初始化完成
[2026-05-11 15:55:44] [app] [INFO] 应用创建开始
[2026-05-11 15:55:44] [app] [INFO] 应用配置加载完成
[2026-05-11 15:55:44] [app] [INFO] FastAPI 应用实例创建完成
[2026-05-11 15:55:44] [app] [INFO] 业务路由注册完成
[2026-05-11 15:56:12] [app] [INFO] 日志系统初始化完成
[2026-05-11 15:56:12] [app] [INFO] 应用创建开始
[2026-05-11 15:56:12] [app] [INFO] 应用配置加载完成
[2026-05-11 15:56:12] [app] [INFO] FastAPI 应用实例创建完成
[2026-05-11 15:56:12] [app] [INFO] 业务路由注册完成
[2026-05-11 15:56:13] [app] [INFO] 日志系统初始化完成
[2026-05-11 15:56:13] [app] [INFO] 应用创建开始
[2026-05-11 15:56:13] [app] [INFO] 应用配置加载完成
[2026-05-11 15:56:13] [app] [INFO] FastAPI 应用实例创建完成
[2026-05-11 15:56:13] [app] [INFO] 业务路由注册完成
[2026-05-11 15:59:00] [app] [INFO] 日志系统初始化完成
[2026-05-11 15:59:00] [app] [INFO] 应用创建开始
[2026-05-11 15:59:00] [app] [INFO] 应用配置加载完成
[2026-05-11 15:59:00] [app] [INFO] FastAPI 应用实例创建完成
[2026-05-11 15:59:00] [app] [INFO] 业务路由注册完成
[2026-05-11 15:59:00] [app] [INFO] 日志系统初始化完成
[2026-05-11 15:59:00] [app] [INFO] 日志系统初始化完成
[2026-05-11 15:59:00] [app] [INFO] 应用创建开始
[2026-05-11 15:59:00] [app] [INFO] 应用配置加载完成
[2026-05-11 15:59:00] [app] [INFO] FastAPI 应用实例创建完成
[2026-05-11 15:59:00] [app] [INFO] 业务路由注册完成
[2026-05-11 15:59:00] [app] [INFO] 日志系统初始化完成
[2026-05-11 15:59:00] [app] [INFO] 应用创建开始
[2026-05-11 15:59:00] [app] [INFO] 应用配置加载完成
[2026-05-11 15:59:00] [app] [INFO] FastAPI 应用实例创建完成
[2026-05-11 15:59:00] [app] [INFO] 业务路由注册完成
[2026-05-11 15:59:26] [app] [INFO] 日志系统初始化完成
[2026-05-11 15:59:26] [app] [INFO] 应用创建开始
[2026-05-11 15:59:26] [app] [INFO] 应用配置加载完成
[2026-05-11 15:59:26] [app] [INFO] FastAPI 应用实例创建完成
[2026-05-11 15:59:26] [app] [INFO] 业务路由注册完成
[2026-05-11 15:59:26] [app] [INFO] 日志系统初始化完成
[2026-05-11 15:59:26] [app] [INFO] 日志系统初始化完成
[2026-05-11 15:59:26] [app] [INFO] 应用创建开始
[2026-05-11 15:59:26] [app] [INFO] 应用配置加载完成
[2026-05-11 15:59:26] [app] [INFO] FastAPI 应用实例创建完成
[2026-05-11 15:59:26] [app] [INFO] 业务路由注册完成
[2026-05-11 15:59:27] [app] [INFO] 日志系统初始化完成
[2026-05-11 15:59:27] [app] [INFO] 应用创建开始
[2026-05-11 15:59:27] [app] [INFO] 应用配置加载完成
[2026-05-11 15:59:27] [app] [INFO] FastAPI 应用实例创建完成
[2026-05-11 15:59:27] [app] [INFO] 业务路由注册完成
[2026-05-11 16:10:56] [app] [INFO] 应用关闭事件开始
[2026-05-11 16:10:56] [app] [INFO] 任务调度器关闭成功
[2026-05-11 16:10:56] [app] [INFO] 应用关闭完成
[2026-05-11 16:11:10] [app] [INFO] 日志系统初始化完成
[2026-05-11 16:11:10] [app] [INFO] 应用创建开始
[2026-05-11 16:11:10] [app] [INFO] 应用配置加载完成
[2026-05-11 16:11:10] [app] [INFO] FastAPI 应用实例创建完成
[2026-05-11 16:11:10] [app] [INFO] 业务路由注册完成
[2026-05-11 16:11:10] [app] [INFO] 应用启动事件开始
[2026-05-11 16:11:11] [app] [INFO] 任务调度器启动成功
[2026-05-11 16:11:11] [app] [INFO] 应用启动完成
[2026-05-11 16:23:12] [app] [INFO] 应用关闭事件开始
[2026-05-11 16:23:12] [app] [INFO] 任务调度器关闭成功
[2026-05-11 16:23:12] [app] [INFO] 应用关闭完成
[2026-05-11 16:23:28] [app] [INFO] 日志系统初始化完成
[2026-05-11 16:23:28] [app] [INFO] 应用创建开始
[2026-05-11 16:23:28] [app] [INFO] 应用配置加载完成
[2026-05-11 16:23:28] [app] [INFO] FastAPI 应用实例创建完成
[2026-05-11 16:23:28] [app] [INFO] 业务路由注册完成
[2026-05-11 16:23:28] [app] [INFO] 应用启动事件开始
[2026-05-11 16:23:30] [app] [INFO] 任务调度器启动成功
[2026-05-11 16:23:30] [app] [INFO] 应用启动完成
[2026-05-11 16:47:50] [app] [INFO] 应用关闭事件开始
[2026-05-11 16:47:50] [app] [INFO] 任务调度器关闭成功
[2026-05-11 16:47:50] [app] [INFO] 应用关闭完成
[2026-05-11 18:37:08] [app] [INFO] 日志系统初始化完成
[2026-05-11 18:37:08] [app] [INFO] 应用创建开始
[2026-05-11 18:37:08] [app] [INFO] 应用配置加载完成
[2026-05-11 18:37:08] [app] [INFO] FastAPI 应用实例创建完成
[2026-05-11 18:37:08] [app] [INFO] 业务路由注册完成
[2026-05-11 18:37:08] [app] [INFO] 应用启动事件开始
[2026-05-11 18:37:09] [app] [INFO] 任务调度器启动成功
[2026-05-11 18:37:09] [app] [INFO] 应用启动完成
[2026-05-11 18:54:26] [app] [INFO] 应用关闭事件开始
[2026-05-11 18:54:26] [app] [INFO] 任务调度器关闭成功
[2026-05-11 18:54:26] [app] [INFO] 应用关闭完成
[2026-05-11 18:54:41] [app] [INFO] 日志系统初始化完成
[2026-05-11 18:54:41] [app] [INFO] 应用创建开始
[2026-05-11 18:54:41] [app] [INFO] 应用配置加载完成
[2026-05-11 18:54:41] [app] [INFO] FastAPI 应用实例创建完成
[2026-05-11 18:54:41] [app] [INFO] 业务路由注册完成
[2026-05-11 18:54:41] [app] [INFO] 应用启动事件开始
[2026-05-11 18:54:41] [app] [INFO] 任务调度器启动成功
[2026-05-11 18:54:41] [app] [INFO] 应用启动完成
[2026-05-11 18:57:07] [app] [INFO] 日志系统初始化完成
[2026-05-11 18:57:07] [app] [INFO] 应用创建开始
[2026-05-11 18:57:07] [app] [INFO] 应用配置加载完成
[2026-05-11 18:57:07] [app] [INFO] FastAPI 应用实例创建完成
[2026-05-11 18:57:07] [app] [INFO] 业务路由注册完成
[2026-05-11 18:57:34] [app] [INFO] 日志系统初始化完成
[2026-05-11 18:57:34] [app] [INFO] 应用创建开始
[2026-05-11 18:57:34] [app] [INFO] 应用配置加载完成
[2026-05-11 18:57:34] [app] [INFO] FastAPI 应用实例创建完成
[2026-05-11 18:57:34] [app] [INFO] 业务路由注册完成
[2026-05-11 18:58:01] [app] [INFO] 日志系统初始化完成
[2026-05-11 18:58:01] [app] [INFO] 应用创建开始
[2026-05-11 18:58:01] [app] [INFO] 应用配置加载完成
[2026-05-11 18:58:01] [app] [INFO] FastAPI 应用实例创建完成
[2026-05-11 18:58:01] [app] [INFO] 业务路由注册完成
[2026-05-11 18:58:22] [app] [INFO] 日志系统初始化完成
[2026-05-11 18:58:22] [app] [INFO] 应用创建开始
[2026-05-11 18:58:22] [app] [INFO] 应用配置加载完成
[2026-05-11 18:58:22] [app] [INFO] FastAPI 应用实例创建完成
[2026-05-11 18:58:22] [app] [INFO] 业务路由注册完成
[2026-05-11 18:59:29] [app] [INFO] 日志系统初始化完成
[2026-05-11 18:59:29] [app] [INFO] 应用创建开始
[2026-05-11 18:59:29] [app] [INFO] 应用配置加载完成
[2026-05-11 18:59:29] [app] [INFO] FastAPI 应用实例创建完成
[2026-05-11 18:59:29] [app] [INFO] 业务路由注册完成
[2026-05-11 19:00:31] [app] [INFO] 日志系统初始化完成
[2026-05-11 19:00:31] [app] [INFO] 应用创建开始
[2026-05-11 19:00:31] [app] [INFO] 应用配置加载完成
[2026-05-11 19:00:31] [app] [INFO] FastAPI 应用实例创建完成
[2026-05-11 19:00:31] [app] [INFO] 业务路由注册完成
[2026-05-11 19:04:15] [app] [INFO] 应用关闭事件开始
[2026-05-11 19:04:15] [app] [INFO] 任务调度器关闭成功
[2026-05-11 19:04:15] [app] [INFO] 应用关闭完成
[2026-05-11 19:04:33] [app] [INFO] 日志系统初始化完成
[2026-05-11 19:04:33] [app] [INFO] 应用创建开始
[2026-05-11 19:04:33] [app] [INFO] 应用配置加载完成
[2026-05-11 19:04:33] [app] [INFO] FastAPI 应用实例创建完成
[2026-05-11 19:04:33] [app] [INFO] 业务路由注册完成
[2026-05-11 19:04:33] [app] [INFO] 应用启动事件开始
[2026-05-11 19:04:35] [app] [INFO] 任务调度器启动成功
[2026-05-11 19:04:35] [app] [INFO] 应用启动完成
[2026-05-11 20:30:42] [app] [INFO] 应用关闭事件开始
[2026-05-11 20:30:42] [app] [INFO] 任务调度器关闭成功
[2026-05-11 20:30:42] [app] [INFO] 应用关闭完成
[2026-05-11 20:30:54] [app] [INFO] 日志系统初始化完成
[2026-05-11 20:30:54] [app] [INFO] 应用创建开始
[2026-05-11 20:30:54] [app] [INFO] 应用配置加载完成
[2026-05-11 20:30:54] [app] [INFO] FastAPI 应用实例创建完成
[2026-05-11 20:30:54] [app] [INFO] 业务路由注册完成
[2026-05-11 20:30:54] [app] [INFO] 应用启动事件开始
[2026-05-11 20:30:55] [app] [INFO] 任务调度器启动成功
[2026-05-11 20:30:55] [app] [INFO] 应用启动完成
[2026-05-11 20:40:14] [app] [INFO] 日志系统初始化完成
[2026-05-11 20:40:14] [app] [INFO] 应用创建开始
[2026-05-11 20:40:14] [app] [INFO] 应用配置加载完成
[2026-05-11 20:40:14] [app] [INFO] FastAPI 应用实例创建完成
[2026-05-11 20:40:15] [app] [INFO] 业务路由注册完成
[2026-05-11 20:40:34] [app] [INFO] 日志系统初始化完成
[2026-05-11 20:40:34] [app] [INFO] 应用创建开始
[2026-05-11 20:40:34] [app] [INFO] 应用配置加载完成
[2026-05-11 20:40:34] [app] [INFO] FastAPI 应用实例创建完成
[2026-05-11 20:40:34] [app] [INFO] 业务路由注册完成
[2026-05-11 20:40:54] [app] [INFO] 日志系统初始化完成
[2026-05-11 20:40:54] [app] [INFO] 应用创建开始
[2026-05-11 20:40:54] [app] [INFO] 应用配置加载完成
[2026-05-11 20:40:54] [app] [INFO] FastAPI 应用实例创建完成
[2026-05-11 20:40:54] [app] [INFO] 业务路由注册完成
[2026-05-11 20:44:40] [app] [INFO] 应用关闭事件开始
[2026-05-11 20:44:40] [app] [INFO] 任务调度器关闭成功
[2026-05-11 20:44:40] [app] [INFO] 应用关闭完成
[2026-05-11 20:44:56] [app] [INFO] 日志系统初始化完成
[2026-05-11 20:44:56] [app] [INFO] 应用创建开始
[2026-05-11 20:44:56] [app] [INFO] 应用配置加载完成
[2026-05-11 20:44:56] [app] [INFO] FastAPI 应用实例创建完成
[2026-05-11 20:44:57] [app] [INFO] 业务路由注册完成
[2026-05-11 20:44:57] [app] [INFO] 应用启动事件开始
[2026-05-11 20:44:58] [app] [INFO] 任务调度器启动成功
[2026-05-11 20:44:58] [app] [INFO] 应用启动完成
[2026-05-11 20:51:19] [app] [INFO] 应用关闭事件开始
[2026-05-11 20:51:19] [app] [INFO] 任务调度器关闭成功
[2026-05-11 20:51:19] [app] [INFO] 应用关闭完成
[2026-05-11 20:51:23] [app] [INFO] 日志系统初始化完成
[2026-05-11 20:51:23] [app] [INFO] 应用创建开始
[2026-05-11 20:51:23] [app] [INFO] 应用配置加载完成
[2026-05-11 20:51:23] [app] [INFO] FastAPI 应用实例创建完成
[2026-05-11 20:51:24] [app] [INFO] 业务路由注册完成
[2026-05-11 20:51:24] [app] [INFO] 应用启动事件开始
[2026-05-11 20:51:27] [app] [INFO] 任务调度器启动成功
[2026-05-11 20:51:27] [app] [INFO] 应用启动完成
[2026-05-11 20:55:09] [app] [INFO] 应用关闭事件开始
[2026-05-11 20:55:09] [app] [INFO] 任务调度器关闭成功
[2026-05-11 20:55:09] [app] [INFO] 应用关闭完成
[2026-05-11 20:55:14] [app] [INFO] 日志系统初始化完成
[2026-05-11 20:55:14] [app] [INFO] 应用创建开始
[2026-05-11 20:55:14] [app] [INFO] 应用配置加载完成
[2026-05-11 20:55:14] [app] [INFO] FastAPI 应用实例创建完成
[2026-05-11 20:55:14] [app] [INFO] 业务路由注册完成
[2026-05-11 20:55:14] [app] [INFO] 应用启动事件开始
[2026-05-11 20:55:16] [app] [INFO] 任务调度器启动成功
[2026-05-11 20:55:16] [app] [INFO] 应用启动完成
[2026-05-11 21:22:53] [app] [INFO] 应用关闭事件开始
[2026-05-11 21:22:53] [app] [INFO] 任务调度器关闭成功
[2026-05-11 21:22:53] [app] [INFO] 应用关闭完成
[2026-05-11 21:22:59] [app] [INFO] 日志系统初始化完成
[2026-05-11 21:22:59] [app] [INFO] 应用创建开始
[2026-05-11 21:22:59] [app] [INFO] 应用配置加载完成
[2026-05-11 21:22:59] [app] [INFO] FastAPI 应用实例创建完成
[2026-05-11 21:22:59] [app] [INFO] 业务路由注册完成
[2026-05-11 21:22:59] [app] [INFO] 应用启动事件开始
[2026-05-11 21:23:01] [app] [INFO] 任务调度器启动成功
[2026-05-11 21:23:01] [app] [INFO] 应用启动完成
[2026-05-12 10:07:14] [app] [INFO] 日志系统初始化完成
[2026-05-12 10:07:14] [app] [INFO] 应用创建开始
[2026-05-12 10:07:14] [app] [INFO] 应用配置加载完成
[2026-05-12 10:07:14] [app] [INFO] FastAPI 应用实例创建完成
[2026-05-12 10:07:14] [app] [INFO] 业务路由注册完成
[2026-05-12 10:07:14] [app] [INFO] 应用启动事件开始
[2026-05-12 10:07:16] [app] [INFO] 任务调度器启动成功
[2026-05-12 10:07:16] [app] [INFO] 应用启动完成
[2026-05-12 10:31:43] [app] [INFO] 日志系统初始化完成
[2026-05-12 10:31:43] [app] [INFO] 应用创建开始
[2026-05-12 10:31:43] [app] [INFO] 应用配置加载完成
[2026-05-12 10:31:43] [app] [INFO] FastAPI 应用实例创建完成
[2026-05-12 10:31:43] [app] [INFO] 业务路由注册完成
[2026-05-12 10:31:43] [app] [INFO] 应用启动事件开始
[2026-05-12 10:31:44] [app] [INFO] 任务调度器启动成功
[2026-05-12 10:31:44] [app] [INFO] 应用启动完成
[2026-05-12 11:00:16] [app] [INFO] 应用关闭事件开始
[2026-05-12 11:00:16] [app] [INFO] 任务调度器关闭成功
[2026-05-12 11:00:16] [app] [INFO] 应用关闭完成
[2026-05-12 11:00:21] [app] [INFO] 日志系统初始化完成
[2026-05-12 11:00:21] [app] [INFO] 应用创建开始
[2026-05-12 11:00:21] [app] [INFO] 应用配置加载完成
[2026-05-12 11:00:21] [app] [INFO] FastAPI 应用实例创建完成
[2026-05-12 11:00:22] [app] [INFO] 业务路由注册完成
[2026-05-12 11:00:22] [app] [INFO] 应用启动事件开始
[2026-05-12 11:00:22] [app] [INFO] 任务调度器启动成功
[2026-05-12 11:00:22] [app] [INFO] 应用启动完成
[2026-05-12 13:15:33] [app] [INFO] 应用关闭事件开始
[2026-05-12 13:15:33] [app] [INFO] 任务调度器关闭成功
[2026-05-12 13:15:33] [app] [INFO] 应用关闭完成
[2026-05-12 13:17:45] [app] [INFO] 日志系统初始化完成
[2026-05-12 13:17:45] [app] [INFO] 应用创建开始
[2026-05-12 13:17:45] [app] [INFO] 应用配置加载完成
[2026-05-12 13:17:45] [app] [INFO] FastAPI 应用实例创建完成
[2026-05-12 13:17:45] [app] [INFO] 业务路由注册完成
[2026-05-12 13:17:45] [app] [INFO] 应用启动事件开始
[2026-05-12 13:17:46] [app] [INFO] 任务调度器启动成功
[2026-05-12 13:17:46] [app] [INFO] 应用启动完成
[2026-05-12 13:34:47] [app] [INFO] 应用关闭事件开始
[2026-05-12 13:34:47] [app] [INFO] 任务调度器关闭成功
[2026-05-12 13:34:47] [app] [INFO] 应用关闭完成
[2026-05-12 13:41:08] [app] [INFO] 日志系统初始化完成
[2026-05-12 13:41:08] [app] [INFO] 应用创建开始
[2026-05-12 13:41:08] [app] [INFO] 应用配置加载完成
[2026-05-12 13:41:08] [app] [INFO] FastAPI 应用实例创建完成
[2026-05-12 13:41:35] [app] [INFO] 业务路由注册完成
[2026-05-12 13:41:35] [app] [INFO] 应用启动事件开始
[2026-05-12 13:41:41] [app] [INFO] 任务调度器启动成功
[2026-05-12 13:41:41] [app] [INFO] 应用启动完成
[2026-05-12 13:46:06] [app] [INFO] 应用关闭事件开始
[2026-05-12 13:46:06] [app] [INFO] 任务调度器关闭成功
[2026-05-12 13:46:06] [app] [INFO] 应用关闭完成
[2026-05-12 13:46:12] [app] [INFO] 日志系统初始化完成
[2026-05-12 13:46:12] [app] [INFO] 应用创建开始
[2026-05-12 13:46:12] [app] [INFO] 应用配置加载完成
[2026-05-12 13:46:12] [app] [INFO] FastAPI 应用实例创建完成
[2026-05-12 13:46:12] [app] [INFO] 业务路由注册完成
[2026-05-12 13:46:12] [app] [INFO] 应用启动事件开始
[2026-05-12 13:46:13] [app] [INFO] 任务调度器启动成功
[2026-05-12 13:46:13] [app] [INFO] 应用启动完成
[2026-05-12 13:49:02] [app] [INFO] 应用关闭事件开始
[2026-05-12 13:49:02] [app] [INFO] 任务调度器关闭成功
[2026-05-12 13:49:02] [app] [INFO] 应用关闭完成
[2026-05-12 13:49:10] [app] [INFO] 日志系统初始化完成
[2026-05-12 13:49:10] [app] [INFO] 应用创建开始
[2026-05-12 13:49:10] [app] [INFO] 应用配置加载完成
[2026-05-12 13:49:10] [app] [INFO] FastAPI 应用实例创建完成
[2026-05-12 13:49:11] [app] [INFO] 业务路由注册完成
[2026-05-12 13:49:11] [app] [INFO] 应用启动事件开始
[2026-05-12 13:49:12] [app] [INFO] 任务调度器启动成功
[2026-05-12 13:49:12] [app] [INFO] 应用启动完成
[2026-05-12 14:02:49] [app] [INFO] 应用关闭事件开始
[2026-05-12 14:02:49] [app] [INFO] 任务调度器关闭成功
[2026-05-12 14:02:49] [app] [INFO] 应用关闭完成
[2026-05-12 14:02:54] [app] [INFO] 日志系统初始化完成
[2026-05-12 14:02:54] [app] [INFO] 应用创建开始
[2026-05-12 14:02:54] [app] [INFO] 应用配置加载完成
[2026-05-12 14:02:54] [app] [INFO] FastAPI 应用实例创建完成
[2026-05-12 14:02:55] [app] [INFO] 业务路由注册完成
[2026-05-12 14:02:55] [app] [INFO] 应用启动事件开始
[2026-05-12 14:02:55] [app] [INFO] 任务调度器启动成功
[2026-05-12 14:02:55] [app] [INFO] 应用启动完成
[2026-05-12 14:09:43] [app] [INFO] 应用关闭事件开始
[2026-05-12 14:09:43] [app] [INFO] 任务调度器关闭成功
[2026-05-12 14:09:43] [app] [INFO] 应用关闭完成
[2026-05-12 14:19:07] [app] [INFO] 日志系统初始化完成
[2026-05-12 14:19:07] [app] [INFO] 应用创建开始
[2026-05-12 14:19:07] [app] [INFO] 应用配置加载完成
[2026-05-12 14:19:07] [app] [INFO] FastAPI 应用实例创建完成
[2026-05-12 14:19:08] [app] [INFO] 业务路由注册完成
[2026-05-12 14:19:08] [app] [INFO] 应用启动事件开始
[2026-05-12 14:19:09] [app] [INFO] 任务调度器启动成功
[2026-05-12 14:19:09] [app] [INFO] 应用启动完成
[2026-05-12 14:21:33] [app] [INFO] 日志系统初始化完成
[2026-05-12 14:21:33] [app] [INFO] 应用创建开始
[2026-05-12 14:21:33] [app] [INFO] 应用配置加载完成
[2026-05-12 14:21:33] [app] [INFO] FastAPI 应用实例创建完成
[2026-05-12 14:21:33] [app] [INFO] 业务路由注册完成
[2026-05-12 14:22:08] [app] [INFO] 日志系统初始化完成
[2026-05-12 14:22:08] [app] [INFO] 应用创建开始
[2026-05-12 14:22:08] [app] [INFO] 应用配置加载完成
[2026-05-12 14:22:08] [app] [INFO] FastAPI 应用实例创建完成
[2026-05-12 14:22:08] [app] [INFO] 业务路由注册完成
[2026-05-12 14:22:28] [app] [INFO] 日志系统初始化完成
[2026-05-12 14:22:28] [app] [INFO] 应用创建开始
[2026-05-12 14:22:28] [app] [INFO] 应用配置加载完成
[2026-05-12 14:22:28] [app] [INFO] FastAPI 应用实例创建完成
[2026-05-12 14:22:28] [app] [INFO] 业务路由注册完成
[2026-05-12 14:23:52] [app] [INFO] 应用关闭事件开始
[2026-05-12 14:23:52] [app] [INFO] 任务调度器关闭成功
[2026-05-12 14:23:52] [app] [INFO] 应用关闭完成
[2026-05-12 14:24:30] [app] [INFO] 日志系统初始化完成
[2026-05-12 14:24:30] [app] [INFO] 应用创建开始
[2026-05-12 14:24:30] [app] [INFO] 应用配置加载完成
[2026-05-12 14:24:30] [app] [INFO] FastAPI 应用实例创建完成
[2026-05-12 14:24:30] [app] [INFO] 业务路由注册完成
[2026-05-12 14:24:45] [app] [INFO] 日志系统初始化完成
[2026-05-12 14:24:45] [app] [INFO] 应用创建开始
[2026-05-12 14:24:45] [app] [INFO] 应用配置加载完成
[2026-05-12 14:24:45] [app] [INFO] FastAPI 应用实例创建完成
[2026-05-12 14:24:46] [app] [INFO] 业务路由注册完成
[2026-05-12 14:24:46] [app] [INFO] 应用启动事件开始
[2026-05-12 14:24:47] [app] [INFO] 任务调度器启动成功
[2026-05-12 14:24:47] [app] [INFO] 应用启动完成
[2026-05-12 14:36:05] [app] [INFO] 应用关闭事件开始
[2026-05-12 14:36:05] [app] [INFO] 任务调度器关闭成功
[2026-05-12 14:36:05] [app] [INFO] 应用关闭完成
[2026-05-12 14:37:09] [app] [INFO] 日志系统初始化完成
[2026-05-12 14:37:09] [app] [INFO] 应用创建开始
[2026-05-12 14:37:09] [app] [INFO] 应用配置加载完成
[2026-05-12 14:37:09] [app] [INFO] FastAPI 应用实例创建完成
[2026-05-12 14:37:09] [app] [INFO] 业务路由注册完成
[2026-05-12 14:37:09] [app] [INFO] 应用启动事件开始
[2026-05-12 14:37:10] [app] [INFO] 任务调度器启动成功
[2026-05-12 14:37:10] [app] [INFO] 应用启动完成
[2026-05-12 15:49:47] [app] [INFO] 日志系统初始化完成
[2026-05-12 15:49:47] [app] [INFO] 应用创建开始
[2026-05-12 15:49:47] [app] [INFO] 应用配置加载完成
[2026-05-12 15:49:47] [app] [INFO] FastAPI 应用实例创建完成
[2026-05-12 15:49:47] [app] [INFO] 业务路由注册完成
[2026-05-12 15:49:58] [app] [INFO] 日志系统初始化完成
[2026-05-12 15:49:58] [app] [INFO] 应用创建开始
[2026-05-12 15:49:58] [app] [INFO] 应用配置加载完成
[2026-05-12 15:49:58] [app] [INFO] FastAPI 应用实例创建完成
[2026-05-12 15:49:58] [app] [INFO] 业务路由注册完成
[2026-05-12 15:54:45] [app] [INFO] 日志系统初始化完成
[2026-05-12 15:54:45] [app] [INFO] 应用创建开始
[2026-05-12 15:54:45] [app] [INFO] 应用配置加载完成
[2026-05-12 15:54:45] [app] [INFO] FastAPI 应用实例创建完成
[2026-05-12 15:54:46] [app] [INFO] 业务路由注册完成
[2026-05-12 15:55:24] [app] [INFO] 日志系统初始化完成
[2026-05-12 15:55:24] [app] [INFO] 应用创建开始
[2026-05-12 15:55:24] [app] [INFO] 应用配置加载完成
[2026-05-12 15:55:24] [app] [INFO] FastAPI 应用实例创建完成
[2026-05-12 15:55:24] [app] [INFO] 业务路由注册完成
[2026-05-12 16:00:30] [app] [INFO] 日志系统初始化完成
[2026-05-12 16:00:30] [app] [INFO] 应用创建开始
[2026-05-12 16:00:30] [app] [INFO] 应用配置加载完成
[2026-05-12 16:00:30] [app] [INFO] FastAPI 应用实例创建完成
[2026-05-12 16:00:30] [app] [INFO] 业务路由注册完成
[2026-05-12 16:01:09] [app] [INFO] 日志系统初始化完成
[2026-05-12 16:01:09] [app] [INFO] 应用创建开始
[2026-05-12 16:01:09] [app] [INFO] 应用配置加载完成
[2026-05-12 16:01:09] [app] [INFO] FastAPI 应用实例创建完成
[2026-05-12 16:01:09] [app] [INFO] 业务路由注册完成
[2026-05-12 16:02:04] [app] [INFO] 日志系统初始化完成
[2026-05-12 16:02:04] [app] [INFO] 应用创建开始
[2026-05-12 16:02:04] [app] [INFO] 应用配置加载完成
[2026-05-12 16:02:04] [app] [INFO] FastAPI 应用实例创建完成
[2026-05-12 16:02:05] [app] [INFO] 业务路由注册完成
[2026-05-12 16:03:30] [app] [INFO] 日志系统初始化完成
[2026-05-12 16:03:30] [app] [INFO] 应用创建开始
[2026-05-12 16:03:30] [app] [INFO] 应用配置加载完成
[2026-05-12 16:03:30] [app] [INFO] FastAPI 应用实例创建完成
[2026-05-12 16:03:30] [app] [INFO] 业务路由注册完成
[2026-05-12 16:04:31] [app] [INFO] 日志系统初始化完成
[2026-05-12 16:04:31] [app] [INFO] 应用创建开始
[2026-05-12 16:04:31] [app] [INFO] 应用配置加载完成
[2026-05-12 16:04:31] [app] [INFO] FastAPI 应用实例创建完成
[2026-05-12 16:04:32] [app] [INFO] 业务路由注册完成
[2026-05-12 16:07:17] [app] [INFO] 日志系统初始化完成
[2026-05-12 16:07:17] [app] [INFO] 应用创建开始
[2026-05-12 16:07:17] [app] [INFO] 应用配置加载完成
[2026-05-12 16:07:17] [app] [INFO] FastAPI 应用实例创建完成
[2026-05-12 16:07:17] [app] [INFO] 业务路由注册完成
[2026-05-12 16:07:28] [app] [INFO] 应用关闭事件开始
[2026-05-12 16:07:28] [app] [INFO] 任务调度器关闭成功
[2026-05-12 16:07:28] [app] [INFO] 应用关闭完成
[2026-05-12 16:42:05] [app] [INFO] 日志系统初始化完成
[2026-05-12 16:42:05] [app] [INFO] 应用创建开始
[2026-05-12 16:42:05] [app] [INFO] 应用配置加载完成
[2026-05-12 16:42:05] [app] [INFO] FastAPI 应用实例创建完成
[2026-05-12 16:42:05] [app] [INFO] 业务路由注册完成
[2026-05-12 16:43:14] [app] [INFO] 日志系统初始化完成
[2026-05-12 16:43:14] [app] [INFO] 应用创建开始
[2026-05-12 16:43:14] [app] [INFO] 应用配置加载完成
[2026-05-12 16:43:14] [app] [INFO] FastAPI 应用实例创建完成
[2026-05-12 16:43:14] [app] [INFO] 业务路由注册完成
[2026-05-12 16:43:53] [app] [INFO] 日志系统初始化完成
[2026-05-12 16:43:53] [app] [INFO] 应用创建开始
[2026-05-12 16:43:53] [app] [INFO] 应用配置加载完成
[2026-05-12 16:43:53] [app] [INFO] FastAPI 应用实例创建完成
[2026-05-12 16:43:53] [app] [INFO] 业务路由注册完成
[2026-05-12 16:44:10] [app] [INFO] 日志系统初始化完成
[2026-05-12 16:44:10] [app] [INFO] 应用创建开始
[2026-05-12 16:44:10] [app] [INFO] 应用配置加载完成
[2026-05-12 16:44:10] [app] [INFO] FastAPI 应用实例创建完成
[2026-05-12 16:44:10] [app] [INFO] 业务路由注册完成
[2026-05-12 16:44:41] [app] [INFO] 日志系统初始化完成
[2026-05-12 16:44:41] [app] [INFO] 应用创建开始
[2026-05-12 16:44:41] [app] [INFO] 应用配置加载完成
[2026-05-12 16:44:41] [app] [INFO] FastAPI 应用实例创建完成
[2026-05-12 16:44:41] [app] [INFO] 业务路由注册完成
[2026-05-12 16:44:41] [app] [INFO] 应用启动事件开始
[2026-05-12 16:44:42] [app] [INFO] 任务调度器启动成功
[2026-05-12 16:44:42] [app] [INFO] 应用启动完成
[2026-05-12 16:45:30] [app] [INFO] 日志系统初始化完成
[2026-05-12 16:45:30] [app] [INFO] 应用创建开始
[2026-05-12 16:45:30] [app] [INFO] 应用配置加载完成
[2026-05-12 16:45:30] [app] [INFO] FastAPI 应用实例创建完成
[2026-05-12 16:45:30] [app] [INFO] 业务路由注册完成
[2026-05-12 16:46:24] [app] [INFO] 日志系统初始化完成
[2026-05-12 16:46:24] [app] [INFO] 应用创建开始
[2026-05-12 16:46:24] [app] [INFO] 应用配置加载完成
[2026-05-12 16:46:24] [app] [INFO] FastAPI 应用实例创建完成
[2026-05-12 16:46:25] [app] [INFO] 业务路由注册完成
[2026-05-12 16:47:43] [app] [INFO] 日志系统初始化完成
[2026-05-12 16:47:43] [app] [INFO] 应用创建开始
[2026-05-12 16:47:43] [app] [INFO] 应用配置加载完成
[2026-05-12 16:47:43] [app] [INFO] FastAPI 应用实例创建完成
[2026-05-12 16:47:43] [app] [INFO] 业务路由注册完成
[2026-05-12 17:13:46] [app] [INFO] 应用关闭事件开始
[2026-05-12 17:13:46] [app] [INFO] 任务调度器关闭成功
[2026-05-12 17:13:46] [app] [INFO] 应用关闭完成
[2026-05-12 17:14:04] [app] [INFO] 日志系统初始化完成
[2026-05-12 17:14:04] [app] [INFO] 应用创建开始
[2026-05-12 17:14:04] [app] [INFO] 应用配置加载完成
[2026-05-12 17:14:04] [app] [INFO] FastAPI 应用实例创建完成
[2026-05-12 17:14:04] [app] [INFO] 业务路由注册完成
[2026-05-12 17:14:04] [app] [INFO] 应用启动事件开始
[2026-05-12 17:14:05] [app] [INFO] 任务调度器启动成功
[2026-05-12 17:14:05] [app] [INFO] 应用启动完成
[2026-05-12 17:27:01] [app] [INFO] 日志系统初始化完成
[2026-05-12 17:27:01] [app] [INFO] 应用创建开始
[2026-05-12 17:27:01] [app] [INFO] 应用配置加载完成
[2026-05-12 17:27:01] [app] [INFO] FastAPI 应用实例创建完成
[2026-05-12 17:27:01] [app] [INFO] 业务路由注册完成
[2026-05-12 17:27:01] [app] [INFO] 应用启动事件开始
[2026-05-12 17:27:02] [app] [INFO] 任务调度器启动成功
[2026-05-12 17:27:02] [app] [INFO] 应用启动完成
[2026-05-12 17:29:22] [app] [INFO] 日志系统初始化完成
[2026-05-12 17:29:22] [app] [INFO] 应用创建开始
[2026-05-12 17:29:22] [app] [INFO] 应用配置加载完成
[2026-05-12 17:29:22] [app] [INFO] FastAPI 应用实例创建完成
[2026-05-12 17:29:22] [app] [INFO] 业务路由注册完成
[2026-05-12 17:38:11] [app] [INFO] 日志系统初始化完成
[2026-05-12 17:38:11] [app] [INFO] 应用创建开始
[2026-05-12 17:38:11] [app] [INFO] 应用配置加载完成
[2026-05-12 17:38:11] [app] [INFO] FastAPI 应用实例创建完成
[2026-05-12 17:38:11] [app] [INFO] 业务路由注册完成
[2026-05-12 17:38:11] [app] [INFO] 应用启动事件开始
[2026-05-12 17:38:12] [app] [INFO] 任务调度器启动成功
[2026-05-12 17:38:12] [app] [INFO] 应用启动完成
[2026-05-12 17:39:18] [app] [INFO] 日志系统初始化完成
[2026-05-12 17:39:18] [app] [INFO] 应用创建开始
[2026-05-12 17:39:18] [app] [INFO] 应用配置加载完成
[2026-05-12 17:39:18] [app] [INFO] FastAPI 应用实例创建完成
[2026-05-12 17:39:18] [app] [INFO] 业务路由注册完成
[2026-05-12 17:39:18] [app] [INFO] 应用启动事件开始
[2026-05-12 17:39:19] [app] [INFO] 任务调度器启动成功
[2026-05-12 17:39:19] [app] [INFO] 应用启动完成
[2026-05-12 17:44:11] [app] [INFO] 日志系统初始化完成
[2026-05-12 17:44:11] [app] [INFO] 应用创建开始
[2026-05-12 17:44:11] [app] [INFO] 应用配置加载完成
[2026-05-12 17:44:11] [app] [INFO] FastAPI 应用实例创建完成
[2026-05-12 17:44:11] [app] [INFO] 业务路由注册完成
[2026-05-12 17:44:11] [app] [INFO] 应用启动事件开始
[2026-05-12 17:44:12] [app] [INFO] 任务调度器启动成功
[2026-05-12 17:44:12] [app] [INFO] 应用启动完成
[2026-05-12 17:50:26] [app] [INFO] 日志系统初始化完成
[2026-05-12 17:50:26] [app] [INFO] 应用创建开始
[2026-05-12 17:50:26] [app] [INFO] 应用配置加载完成
[2026-05-12 17:50:26] [app] [INFO] FastAPI 应用实例创建完成
[2026-05-12 17:50:27] [app] [INFO] 业务路由注册完成
[2026-05-12 17:50:27] [app] [INFO] 应用启动事件开始
[2026-05-12 17:50:29] [app] [INFO] 任务调度器启动成功
[2026-05-12 17:50:29] [app] [INFO] 应用启动完成
[2026-05-12 17:57:38] [app] [INFO] 日志系统初始化完成
[2026-05-12 17:57:38] [app] [INFO] 应用创建开始
[2026-05-12 17:57:38] [app] [INFO] 应用配置加载完成
[2026-05-12 17:57:38] [app] [INFO] FastAPI 应用实例创建完成
[2026-05-12 17:57:38] [app] [INFO] 业务路由注册完成
[2026-05-12 20:35:10] [app] [INFO] 日志系统初始化完成
[2026-05-12 20:35:10] [app] [INFO] 应用创建开始
[2026-05-12 20:35:10] [app] [INFO] 应用配置加载完成
[2026-05-12 20:35:10] [app] [INFO] FastAPI 应用实例创建完成
[2026-05-12 20:35:11] [app] [INFO] 业务路由注册完成
[2026-05-12 20:35:11] [app] [INFO] 应用启动事件开始
[2026-05-12 20:35:11] [app] [INFO] 任务调度器启动成功
[2026-05-12 20:35:11] [app] [INFO] 应用启动完成
