[2026-05-11 14:13:58] [execution] [INFO] execution 模块日志测试
[2026-05-11 15:59:00] [execution] [INFO] execution 模块日志测试
[2026-05-11 15:59:26] [execution] [INFO] execution 模块日志测试
[2026-05-11 18:51:29] [execution] [INFO] 执行状态查询
[2026-05-11 18:51:29] [execution] [INFO] 执行任务列表查询
[2026-05-11 18:51:29] [execution] [INFO] 执行状态查询
[2026-05-11 18:51:29] [execution] [INFO] 执行任务列表查询
[2026-05-11 19:53:59] [execution] [INFO] 执行状态查询
[2026-05-11 19:53:59] [execution] [INFO] 执行任务列表查询
[2026-05-11 19:53:59] [execution] [INFO] 执行状态查询
[2026-05-11 19:53:59] [execution] [INFO] 执行任务列表查询
[2026-05-11 21:05:01] [execution] [INFO] 执行状态查询
[2026-05-11 21:05:01] [execution] [INFO] 执行任务列表查询
[2026-05-11 21:05:01] [execution] [INFO] 执行状态查询
[2026-05-11 21:05:01] [execution] [INFO] 执行任务列表查询
[2026-05-12 12:39:25] [execution] [INFO] 执行状态查询
[2026-05-12 12:39:25] [execution] [INFO] 执行任务列表查询
[2026-05-12 12:39:25] [execution] [INFO] 执行状态查询
[2026-05-12 12:39:25] [execution] [INFO] 执行任务列表查询
[2026-05-12 20:50:58] [execution] [INFO] 执行状态查询
[2026-05-12 20:50:58] [execution] [INFO] 执行任务列表查询
[2026-05-12 20:50:58] [execution] [INFO] 执行状态查询
[2026-05-12 20:50:58] [execution] [INFO] 执行任务列表查询
[2026-05-12 21:24:40] [execution] [INFO] 执行状态查询
[2026-05-12 21:24:40] [execution] [INFO] 执行任务列表查询
[2026-05-12 21:24:40] [execution] [INFO] 执行状态查询
[2026-05-12 21:24:40] [execution] [INFO] 执行任务列表查询
[2026-05-12 22:42:38] [execution] [INFO] 执行任务创建
[2026-05-12 22:42:38] [execution] [INFO] 执行任务创建成功
[2026-05-12 22:42:38] [execution] [INFO] 执行任务列表查询
[2026-05-12 23:00:55] [execution] [INFO] 执行任务创建
[2026-05-12 23:00:55] [execution] [INFO] 执行任务创建成功
[2026-05-12 23:00:55] [execution] [INFO] 执行任务列表查询
[2026-05-12 23:18:35] [execution] [INFO] 执行状态查询
[2026-05-12 23:21:17] [execution] [INFO] 执行状态查询
[2026-05-12 23:21:22] [execution] [INFO] 执行任务创建
[2026-05-12 23:21:22] [execution] [INFO] 执行任务创建成功
[2026-05-12 23:21:22] [execution] [INFO] 执行任务列表查询
[2026-05-12 23:23:25] [execution] [INFO] 执行状态查询
[2026-05-12 23:23:30] [execution] [INFO] 执行任务创建
[2026-05-12 23:23:30] [execution] [INFO] 执行任务创建成功
[2026-05-12 23:23:30] [execution] [INFO] 执行任务列表查询
[2026-05-12 23:25:18] [execution] [INFO] 执行状态查询
[2026-05-12 23:25:24] [execution] [INFO] 执行任务创建
[2026-05-12 23:25:24] [execution] [INFO] 执行任务创建成功
[2026-05-12 23:25:24] [execution] [INFO] 执行任务列表查询
[2026-05-12 23:27:37] [execution] [INFO] 执行状态查询
[2026-05-12 23:27:42] [execution] [INFO] 执行任务创建
[2026-05-12 23:27:42] [execution] [INFO] 执行任务创建成功
[2026-05-12 23:27:42] [execution] [INFO] 执行任务列表查询
[2026-05-12 23:30:05] [execution] [INFO] 执行状态查询
[2026-05-12 23:30:10] [execution] [INFO] 执行任务创建
[2026-05-12 23:30:10] [execution] [INFO] 执行任务创建成功
[2026-05-12 23:30:10] [execution] [INFO] 执行任务列表查询
[2026-05-12 23:50:27] [execution] [INFO] 执行状态查询
[2026-05-12 23:50:27] [execution] [INFO] 执行任务列表查询
[2026-05-12 23:50:27] [execution] [INFO] 执行状态查询
[2026-05-12 23:50:27] [execution] [INFO] 执行任务列表查询
[2026-05-13 00:47:05] [execution] [INFO] 执行状态查询
[2026-05-13 00:47:14] [execution] [INFO] 执行任务创建
[2026-05-13 00:47:14] [execution] [INFO] 执行任务创建成功
[2026-05-13 00:47:14] [execution] [INFO] 执行任务列表查询
[2026-05-13 00:49:20] [execution] [INFO] 执行状态查询
[2026-05-13 00:49:27] [execution] [INFO] 执行任务创建
[2026-05-13 00:49:27] [execution] [INFO] 执行任务创建成功
[2026-05-13 00:49:27] [execution] [INFO] 执行任务列表查询
[2026-05-13 01:29:29] [execution] [INFO] 执行状态查询
[2026-05-13 01:29:34] [execution] [INFO] 执行任务创建
[2026-05-13 01:29:34] [execution] [INFO] 执行任务创建成功
[2026-05-13 01:29:34] [execution] [INFO] 执行任务列表查询
[2026-05-13 01:34:36] [execution] [INFO] 执行状态查询
[2026-05-13 01:34:42] [execution] [INFO] 执行任务创建
[2026-05-13 01:34:42] [execution] [INFO] 执行任务创建成功
[2026-05-13 01:34:42] [execution] [INFO] 执行任务列表查询
[2026-05-13 01:45:39] [execution] [INFO] 执行状态查询
[2026-05-13 01:45:44] [execution] [INFO] 执行任务创建
[2026-05-13 01:45:44] [execution] [INFO] 执行任务创建成功
[2026-05-13 01:45:44] [execution] [INFO] 执行任务列表查询
[2026-05-15 13:56:14] [execution] [INFO] 执行状态查询
[2026-05-15 13:56:14] [execution] [INFO] 执行任务列表查询
[2026-05-15 14:13:49] [execution] [INFO] 执行状态查询
[2026-05-15 14:13:49] [execution] [INFO] 执行状态查询
[2026-05-15 14:23:34] [execution] [INFO] 执行状态查询
[2026-05-15 16:31:26] [execution] [INFO] 执行状态查询
[2026-05-15 16:31:26] [execution] [INFO] 执行任务列表查询
[2026-05-15 16:31:26] [execution] [INFO] 执行状态查询
[2026-05-15 16:31:26] [execution] [INFO] 执行任务列表查询
