[2026-05-11 14:13:58] [jobs] [INFO] jobs 模块日志测试
[2026-05-11 15:59:00] [jobs] [INFO] jobs 模块日志测试
[2026-05-11 15:59:26] [jobs] [INFO] jobs 模块日志测试
[2026-05-11 16:11:10] [jobs] [INFO] APScheduler 初始化成功
[2026-05-11 16:11:11] [jobs] [INFO] 任务注册
[2026-05-11 16:11:11] [jobs] [INFO] 任务注册
[2026-05-11 16:11:11] [jobs] [INFO] 任务注册
[2026-05-11 16:11:11] [jobs] [INFO] 任务注册
[2026-05-11 16:11:11] [jobs] [INFO] 任务注册
[2026-05-11 16:11:11] [jobs] [INFO] 任务注册
[2026-05-11 16:11:11] [jobs] [INFO] 任务注册
[2026-05-11 16:11:11] [jobs] [INFO] 任务注册
[2026-05-11 16:11:11] [jobs] [INFO] 任务注册
[2026-05-11 16:11:11] [jobs] [INFO] 任务调度器启动成功
[2026-05-11 16:23:12] [jobs] [INFO] 任务调度器关闭成功
[2026-05-11 16:23:29] [jobs] [INFO] APScheduler 初始化成功
[2026-05-11 16:23:30] [jobs] [INFO] 任务注册
[2026-05-11 16:23:30] [jobs] [INFO] 任务注册
[2026-05-11 16:23:30] [jobs] [INFO] 任务注册
[2026-05-11 16:23:30] [jobs] [INFO] 任务注册
[2026-05-11 16:23:30] [jobs] [INFO] 任务注册
[2026-05-11 16:23:30] [jobs] [INFO] 任务注册
[2026-05-11 16:23:30] [jobs] [INFO] 任务注册
[2026-05-11 16:23:30] [jobs] [INFO] 任务注册
[2026-05-11 16:23:30] [jobs] [INFO] 任务注册
[2026-05-11 16:23:30] [jobs] [INFO] 任务调度器启动成功
[2026-05-11 16:47:50] [jobs] [INFO] 任务调度器关闭成功
[2026-05-11 18:37:08] [jobs] [INFO] APScheduler 初始化成功
[2026-05-11 18:37:09] [jobs] [INFO] 任务注册
[2026-05-11 18:37:09] [jobs] [INFO] 任务注册
[2026-05-11 18:37:09] [jobs] [INFO] 任务注册
[2026-05-11 18:37:09] [jobs] [INFO] 任务注册
[2026-05-11 18:37:09] [jobs] [INFO] 任务注册
[2026-05-11 18:37:09] [jobs] [INFO] 任务注册
[2026-05-11 18:37:09] [jobs] [INFO] 任务注册
[2026-05-11 18:37:09] [jobs] [INFO] 任务注册
[2026-05-11 18:37:09] [jobs] [INFO] 任务注册
[2026-05-11 18:37:09] [jobs] [INFO] 任务调度器启动成功
[2026-05-11 18:54:26] [jobs] [INFO] 任务调度器关闭成功
[2026-05-11 18:54:41] [jobs] [INFO] APScheduler 初始化成功
[2026-05-11 18:54:41] [jobs] [INFO] 任务注册
[2026-05-11 18:54:41] [jobs] [INFO] 任务注册
[2026-05-11 18:54:41] [jobs] [INFO] 任务注册
[2026-05-11 18:54:41] [jobs] [INFO] 任务注册
[2026-05-11 18:54:41] [jobs] [INFO] 任务注册
[2026-05-11 18:54:41] [jobs] [INFO] 任务注册
[2026-05-11 18:54:41] [jobs] [INFO] 任务注册
[2026-05-11 18:54:41] [jobs] [INFO] 任务注册
[2026-05-11 18:54:41] [jobs] [INFO] 任务注册
[2026-05-11 18:54:41] [jobs] [INFO] 任务调度器启动成功
[2026-05-11 19:04:15] [jobs] [INFO] 任务调度器关闭成功
[2026-05-11 19:04:33] [jobs] [INFO] APScheduler 初始化成功
[2026-05-11 19:04:35] [jobs] [INFO] 任务注册
[2026-05-11 19:04:35] [jobs] [INFO] 任务注册
[2026-05-11 19:04:35] [jobs] [INFO] 任务注册
[2026-05-11 19:04:35] [jobs] [INFO] 任务注册
[2026-05-11 19:04:35] [jobs] [INFO] 任务注册
[2026-05-11 19:04:35] [jobs] [INFO] 任务注册
[2026-05-11 19:04:35] [jobs] [INFO] 任务注册
[2026-05-11 19:04:35] [jobs] [INFO] 任务注册
[2026-05-11 19:04:35] [jobs] [INFO] 任务注册
[2026-05-11 19:04:35] [jobs] [INFO] 任务调度器启动成功
[2026-05-11 20:30:42] [jobs] [INFO] 任务调度器关闭成功
[2026-05-11 20:30:54] [jobs] [INFO] APScheduler 初始化成功
[2026-05-11 20:30:55] [jobs] [INFO] 任务注册
[2026-05-11 20:30:55] [jobs] [INFO] 任务注册
[2026-05-11 20:30:55] [jobs] [INFO] 任务注册
[2026-05-11 20:30:55] [jobs] [INFO] 任务注册
[2026-05-11 20:30:55] [jobs] [INFO] 任务注册
[2026-05-11 20:30:55] [jobs] [INFO] 任务注册
[2026-05-11 20:30:55] [jobs] [INFO] 任务注册
[2026-05-11 20:30:55] [jobs] [INFO] 任务注册
[2026-05-11 20:30:55] [jobs] [INFO] 任务注册
[2026-05-11 20:30:55] [jobs] [INFO] 任务调度器启动成功
[2026-05-11 20:44:40] [jobs] [INFO] 任务调度器关闭成功
[2026-05-11 20:44:57] [jobs] [INFO] APScheduler 初始化成功
[2026-05-11 20:44:58] [jobs] [INFO] 任务注册
[2026-05-11 20:44:58] [jobs] [INFO] 任务注册
[2026-05-11 20:44:58] [jobs] [INFO] 任务注册
[2026-05-11 20:44:58] [jobs] [INFO] 任务注册
[2026-05-11 20:44:58] [jobs] [INFO] 任务注册
[2026-05-11 20:44:58] [jobs] [INFO] 任务注册
[2026-05-11 20:44:58] [jobs] [INFO] 任务注册
[2026-05-11 20:44:58] [jobs] [INFO] 任务注册
[2026-05-11 20:44:58] [jobs] [INFO] 任务注册
[2026-05-11 20:44:58] [jobs] [INFO] 任务调度器启动成功
[2026-05-11 20:51:19] [jobs] [INFO] 任务调度器关闭成功
[2026-05-11 20:51:24] [jobs] [INFO] APScheduler 初始化成功
[2026-05-11 20:51:27] [jobs] [INFO] 任务注册
[2026-05-11 20:51:27] [jobs] [INFO] 任务注册
[2026-05-11 20:51:27] [jobs] [INFO] 任务注册
[2026-05-11 20:51:27] [jobs] [INFO] 任务注册
[2026-05-11 20:51:27] [jobs] [INFO] 任务注册
[2026-05-11 20:51:27] [jobs] [INFO] 任务注册
[2026-05-11 20:51:27] [jobs] [INFO] 任务注册
[2026-05-11 20:51:27] [jobs] [INFO] 任务注册
[2026-05-11 20:51:27] [jobs] [INFO] 任务注册
[2026-05-11 20:51:27] [jobs] [INFO] 任务调度器启动成功
[2026-05-11 20:55:09] [jobs] [INFO] 任务调度器关闭成功
[2026-05-11 20:55:14] [jobs] [INFO] APScheduler 初始化成功
[2026-05-11 20:55:16] [jobs] [INFO] 任务注册
[2026-05-11 20:55:16] [jobs] [INFO] 任务注册
[2026-05-11 20:55:16] [jobs] [INFO] 任务注册
[2026-05-11 20:55:16] [jobs] [INFO] 任务注册
[2026-05-11 20:55:16] [jobs] [INFO] 任务注册
[2026-05-11 20:55:16] [jobs] [INFO] 任务注册
[2026-05-11 20:55:16] [jobs] [INFO] 任务注册
[2026-05-11 20:55:16] [jobs] [INFO] 任务注册
[2026-05-11 20:55:16] [jobs] [INFO] 任务注册
[2026-05-11 20:55:16] [jobs] [INFO] 任务调度器启动成功
[2026-05-11 21:00:00] [jobs] [INFO] 任务入队
[2026-05-11 21:00:00] [jobs] [INFO] 任务执行开始
[2026-05-11 21:00:31] [jobs] [ERROR] 任务执行失败
[2026-05-11 21:22:53] [jobs] [INFO] 任务调度器关闭成功
[2026-05-11 21:22:59] [jobs] [INFO] APScheduler 初始化成功
[2026-05-11 21:23:01] [jobs] [INFO] 任务注册
[2026-05-11 21:23:01] [jobs] [INFO] 任务注册
[2026-05-11 21:23:01] [jobs] [INFO] 任务注册
[2026-05-11 21:23:01] [jobs] [INFO] 任务注册
[2026-05-11 21:23:01] [jobs] [INFO] 任务注册
[2026-05-11 21:23:01] [jobs] [INFO] 任务注册
[2026-05-11 21:23:01] [jobs] [INFO] 任务注册
[2026-05-11 21:23:01] [jobs] [INFO] 任务注册
[2026-05-11 21:23:01] [jobs] [INFO] 任务注册
[2026-05-11 21:23:01] [jobs] [INFO] 任务调度器启动成功
[2026-05-12 10:07:14] [jobs] [INFO] APScheduler 初始化成功
[2026-05-12 10:07:16] [jobs] [INFO] 任务注册
[2026-05-12 10:07:16] [jobs] [INFO] 任务注册
[2026-05-12 10:07:16] [jobs] [INFO] 任务注册
[2026-05-12 10:07:16] [jobs] [INFO] 任务注册
[2026-05-12 10:07:16] [jobs] [INFO] 任务注册
[2026-05-12 10:07:16] [jobs] [INFO] 任务注册
[2026-05-12 10:07:16] [jobs] [INFO] 任务注册
[2026-05-12 10:07:16] [jobs] [INFO] 任务注册
[2026-05-12 10:07:16] [jobs] [INFO] 任务注册
[2026-05-12 10:07:16] [jobs] [INFO] 任务调度器启动成功
[2026-05-12 10:31:43] [jobs] [INFO] APScheduler 初始化成功
[2026-05-12 10:31:44] [jobs] [INFO] 任务注册
[2026-05-12 10:31:44] [jobs] [INFO] 任务注册
[2026-05-12 10:31:44] [jobs] [INFO] 任务注册
[2026-05-12 10:31:44] [jobs] [INFO] 任务注册
[2026-05-12 10:31:44] [jobs] [INFO] 任务注册
[2026-05-12 10:31:44] [jobs] [INFO] 任务注册
[2026-05-12 10:31:44] [jobs] [INFO] 任务注册
[2026-05-12 10:31:44] [jobs] [INFO] 任务注册
[2026-05-12 10:31:44] [jobs] [INFO] 任务注册
[2026-05-12 10:31:44] [jobs] [INFO] 任务调度器启动成功
[2026-05-12 11:00:16] [jobs] [INFO] 任务调度器关闭成功
[2026-05-12 11:00:22] [jobs] [INFO] APScheduler 初始化成功
[2026-05-12 11:00:22] [jobs] [INFO] 任务注册
[2026-05-12 11:00:22] [jobs] [INFO] 任务注册
[2026-05-12 11:00:22] [jobs] [INFO] 任务注册
[2026-05-12 11:00:22] [jobs] [INFO] 任务注册
[2026-05-12 11:00:22] [jobs] [INFO] 任务注册
[2026-05-12 11:00:22] [jobs] [INFO] 任务注册
[2026-05-12 11:00:22] [jobs] [INFO] 任务注册
[2026-05-12 11:00:22] [jobs] [INFO] 任务注册
[2026-05-12 11:00:22] [jobs] [INFO] 任务注册
[2026-05-12 11:00:22] [jobs] [INFO] 任务调度器启动成功
[2026-05-12 13:15:33] [jobs] [INFO] 任务调度器关闭成功
[2026-05-12 13:17:46] [jobs] [INFO] APScheduler 初始化成功
[2026-05-12 13:17:46] [jobs] [INFO] 任务注册
[2026-05-12 13:17:46] [jobs] [INFO] 任务注册
[2026-05-12 13:17:46] [jobs] [INFO] 任务注册
[2026-05-12 13:17:46] [jobs] [INFO] 任务注册
[2026-05-12 13:17:46] [jobs] [INFO] 任务注册
[2026-05-12 13:17:46] [jobs] [INFO] 任务注册
[2026-05-12 13:17:46] [jobs] [INFO] 任务注册
[2026-05-12 13:17:46] [jobs] [INFO] 任务注册
[2026-05-12 13:17:46] [jobs] [INFO] 任务注册
[2026-05-12 13:17:46] [jobs] [INFO] 任务调度器启动成功
[2026-05-12 13:34:47] [jobs] [INFO] 任务调度器关闭成功
[2026-05-12 13:41:38] [jobs] [INFO] APScheduler 初始化成功
[2026-05-12 13:41:41] [jobs] [INFO] 任务注册
[2026-05-12 13:41:41] [jobs] [INFO] 任务注册
[2026-05-12 13:41:41] [jobs] [INFO] 任务注册
[2026-05-12 13:41:41] [jobs] [INFO] 任务注册
[2026-05-12 13:41:41] [jobs] [INFO] 任务注册
[2026-05-12 13:41:41] [jobs] [INFO] 任务注册
[2026-05-12 13:41:41] [jobs] [INFO] 任务注册
[2026-05-12 13:41:41] [jobs] [INFO] 任务注册
[2026-05-12 13:41:41] [jobs] [INFO] 任务注册
[2026-05-12 13:41:41] [jobs] [INFO] 任务调度器启动成功
[2026-05-12 13:46:06] [jobs] [INFO] 任务调度器关闭成功
[2026-05-12 13:46:12] [jobs] [INFO] APScheduler 初始化成功
[2026-05-12 13:46:13] [jobs] [INFO] 任务注册
[2026-05-12 13:46:13] [jobs] [INFO] 任务注册
[2026-05-12 13:46:13] [jobs] [INFO] 任务注册
[2026-05-12 13:46:13] [jobs] [INFO] 任务注册
[2026-05-12 13:46:13] [jobs] [INFO] 任务注册
[2026-05-12 13:46:13] [jobs] [INFO] 任务注册
[2026-05-12 13:46:13] [jobs] [INFO] 任务注册
[2026-05-12 13:46:13] [jobs] [INFO] 任务注册
[2026-05-12 13:46:13] [jobs] [INFO] 任务注册
[2026-05-12 13:46:13] [jobs] [INFO] 任务调度器启动成功
[2026-05-12 13:49:02] [jobs] [INFO] 任务调度器关闭成功
[2026-05-12 13:49:11] [jobs] [INFO] APScheduler 初始化成功
[2026-05-12 13:49:12] [jobs] [INFO] 任务注册
[2026-05-12 13:49:12] [jobs] [INFO] 任务注册
[2026-05-12 13:49:12] [jobs] [INFO] 任务注册
[2026-05-12 13:49:12] [jobs] [INFO] 任务注册
[2026-05-12 13:49:12] [jobs] [INFO] 任务注册
[2026-05-12 13:49:12] [jobs] [INFO] 任务注册
[2026-05-12 13:49:12] [jobs] [INFO] 任务注册
[2026-05-12 13:49:12] [jobs] [INFO] 任务注册
[2026-05-12 13:49:12] [jobs] [INFO] 任务注册
[2026-05-12 13:49:12] [jobs] [INFO] 任务调度器启动成功
[2026-05-12 14:02:49] [jobs] [INFO] 任务调度器关闭成功
[2026-05-12 14:02:55] [jobs] [INFO] APScheduler 初始化成功
[2026-05-12 14:02:55] [jobs] [INFO] 任务注册
[2026-05-12 14:02:55] [jobs] [INFO] 任务注册
[2026-05-12 14:02:55] [jobs] [INFO] 任务注册
[2026-05-12 14:02:55] [jobs] [INFO] 任务注册
[2026-05-12 14:02:55] [jobs] [INFO] 任务注册
[2026-05-12 14:02:55] [jobs] [INFO] 任务注册
[2026-05-12 14:02:55] [jobs] [INFO] 任务注册
[2026-05-12 14:02:55] [jobs] [INFO] 任务注册
[2026-05-12 14:02:55] [jobs] [INFO] 任务注册
[2026-05-12 14:02:55] [jobs] [INFO] 任务调度器启动成功
[2026-05-12 14:09:43] [jobs] [INFO] 任务调度器关闭成功
[2026-05-12 14:19:08] [jobs] [INFO] APScheduler 初始化成功
[2026-05-12 14:19:09] [jobs] [INFO] 任务注册
[2026-05-12 14:19:09] [jobs] [INFO] 任务注册
[2026-05-12 14:19:09] [jobs] [INFO] 任务注册
[2026-05-12 14:19:09] [jobs] [INFO] 任务注册
[2026-05-12 14:19:09] [jobs] [INFO] 任务注册
[2026-05-12 14:19:09] [jobs] [INFO] 任务注册
[2026-05-12 14:19:09] [jobs] [INFO] 任务注册
[2026-05-12 14:19:09] [jobs] [INFO] 任务注册
[2026-05-12 14:19:09] [jobs] [INFO] 任务注册
[2026-05-12 14:19:09] [jobs] [INFO] 任务调度器启动成功
[2026-05-12 14:23:52] [jobs] [INFO] 任务调度器关闭成功
[2026-05-12 14:24:46] [jobs] [INFO] APScheduler 初始化成功
[2026-05-12 14:24:47] [jobs] [INFO] 任务注册
[2026-05-12 14:24:47] [jobs] [INFO] 任务注册
[2026-05-12 14:24:47] [jobs] [INFO] 任务注册
[2026-05-12 14:24:47] [jobs] [INFO] 任务注册
[2026-05-12 14:24:47] [jobs] [INFO] 任务注册
[2026-05-12 14:24:47] [jobs] [INFO] 任务注册
[2026-05-12 14:24:47] [jobs] [INFO] 任务注册
[2026-05-12 14:24:47] [jobs] [INFO] 任务注册
[2026-05-12 14:24:47] [jobs] [INFO] 任务注册
[2026-05-12 14:24:47] [jobs] [INFO] 任务调度器启动成功
[2026-05-12 14:36:05] [jobs] [INFO] 任务调度器关闭成功
[2026-05-12 14:37:09] [jobs] [INFO] APScheduler 初始化成功
[2026-05-12 14:37:10] [jobs] [INFO] 任务注册
[2026-05-12 14:37:10] [jobs] [INFO] 任务注册
[2026-05-12 14:37:10] [jobs] [INFO] 任务注册
[2026-05-12 14:37:10] [jobs] [INFO] 任务注册
[2026-05-12 14:37:10] [jobs] [INFO] 任务注册
[2026-05-12 14:37:10] [jobs] [INFO] 任务注册
[2026-05-12 14:37:10] [jobs] [INFO] 任务注册
[2026-05-12 14:37:10] [jobs] [INFO] 任务注册
[2026-05-12 14:37:10] [jobs] [INFO] 任务注册
[2026-05-12 14:37:10] [jobs] [INFO] 任务调度器启动成功
[2026-05-12 15:10:00] [jobs] [INFO] 任务入队
[2026-05-12 15:10:00] [jobs] [INFO] 任务执行开始
[2026-05-12 15:10:00] [jobs] [INFO] 任务执行成功
[2026-05-12 16:07:28] [jobs] [INFO] 任务调度器关闭成功
[2026-05-12 16:44:41] [jobs] [INFO] APScheduler 初始化成功
[2026-05-12 16:44:42] [jobs] [INFO] 任务注册
[2026-05-12 16:44:42] [jobs] [INFO] 任务注册
[2026-05-12 16:44:42] [jobs] [INFO] 任务注册
[2026-05-12 16:44:42] [jobs] [INFO] 任务注册
[2026-05-12 16:44:42] [jobs] [INFO] 任务注册
[2026-05-12 16:44:42] [jobs] [INFO] 任务注册
[2026-05-12 16:44:42] [jobs] [INFO] 任务注册
[2026-05-12 16:44:42] [jobs] [INFO] 任务注册
[2026-05-12 16:44:42] [jobs] [INFO] 任务注册
[2026-05-12 16:44:42] [jobs] [INFO] 任务调度器启动成功
[2026-05-12 17:13:46] [jobs] [INFO] 任务调度器关闭成功
[2026-05-12 17:14:04] [jobs] [INFO] APScheduler 初始化成功
[2026-05-12 17:14:05] [jobs] [INFO] 任务注册
[2026-05-12 17:14:05] [jobs] [INFO] 任务注册
[2026-05-12 17:14:05] [jobs] [INFO] 任务注册
[2026-05-12 17:14:05] [jobs] [INFO] 任务注册
[2026-05-12 17:14:05] [jobs] [INFO] 任务注册
[2026-05-12 17:14:05] [jobs] [INFO] 任务注册
[2026-05-12 17:14:05] [jobs] [INFO] 任务注册
[2026-05-12 17:14:05] [jobs] [INFO] 任务注册
[2026-05-12 17:14:05] [jobs] [INFO] 任务注册
[2026-05-12 17:14:05] [jobs] [INFO] 任务调度器启动成功
[2026-05-12 17:27:01] [jobs] [INFO] APScheduler 初始化成功
[2026-05-12 17:27:02] [jobs] [INFO] 任务注册
[2026-05-12 17:27:02] [jobs] [INFO] 任务注册
[2026-05-12 17:27:02] [jobs] [INFO] 任务注册
[2026-05-12 17:27:02] [jobs] [INFO] 任务注册
[2026-05-12 17:27:02] [jobs] [INFO] 任务注册
[2026-05-12 17:27:02] [jobs] [INFO] 任务注册
[2026-05-12 17:27:02] [jobs] [INFO] 任务注册
[2026-05-12 17:27:02] [jobs] [INFO] 任务注册
[2026-05-12 17:27:02] [jobs] [INFO] 任务注册
[2026-05-12 17:27:02] [jobs] [INFO] 任务调度器启动成功
[2026-05-12 17:38:11] [jobs] [INFO] APScheduler 初始化成功
[2026-05-12 17:38:12] [jobs] [INFO] 任务注册
[2026-05-12 17:38:12] [jobs] [INFO] 任务注册
[2026-05-12 17:38:12] [jobs] [INFO] 任务注册
[2026-05-12 17:38:12] [jobs] [INFO] 任务注册
[2026-05-12 17:38:12] [jobs] [INFO] 任务注册
[2026-05-12 17:38:12] [jobs] [INFO] 任务注册
[2026-05-12 17:38:12] [jobs] [INFO] 任务注册
[2026-05-12 17:38:12] [jobs] [INFO] 任务注册
[2026-05-12 17:38:12] [jobs] [INFO] 任务注册
[2026-05-12 17:38:12] [jobs] [INFO] 任务调度器启动成功
[2026-05-12 17:39:18] [jobs] [INFO] APScheduler 初始化成功
[2026-05-12 17:39:19] [jobs] [INFO] 任务注册
[2026-05-12 17:39:19] [jobs] [INFO] 任务注册
[2026-05-12 17:39:19] [jobs] [INFO] 任务注册
[2026-05-12 17:39:19] [jobs] [INFO] 任务注册
[2026-05-12 17:39:19] [jobs] [INFO] 任务注册
[2026-05-12 17:39:19] [jobs] [INFO] 任务注册
[2026-05-12 17:39:19] [jobs] [INFO] 任务注册
[2026-05-12 17:39:19] [jobs] [INFO] 任务注册
[2026-05-12 17:39:19] [jobs] [INFO] 任务注册
[2026-05-12 17:39:19] [jobs] [INFO] 任务调度器启动成功
[2026-05-12 17:44:12] [jobs] [INFO] APScheduler 初始化成功
[2026-05-12 17:44:12] [jobs] [INFO] 任务注册
[2026-05-12 17:44:12] [jobs] [INFO] 任务注册
[2026-05-12 17:44:12] [jobs] [INFO] 任务注册
[2026-05-12 17:44:12] [jobs] [INFO] 任务注册
[2026-05-12 17:44:12] [jobs] [INFO] 任务注册
[2026-05-12 17:44:12] [jobs] [INFO] 任务注册
[2026-05-12 17:44:12] [jobs] [INFO] 任务注册
[2026-05-12 17:44:12] [jobs] [INFO] 任务注册
[2026-05-12 17:44:12] [jobs] [INFO] 任务注册
[2026-05-12 17:44:12] [jobs] [INFO] 任务调度器启动成功
[2026-05-12 17:50:28] [jobs] [INFO] APScheduler 初始化成功
[2026-05-12 17:50:29] [jobs] [INFO] 任务注册
[2026-05-12 17:50:29] [jobs] [INFO] 任务注册
[2026-05-12 17:50:29] [jobs] [INFO] 任务注册
[2026-05-12 17:50:29] [jobs] [INFO] 任务注册
[2026-05-12 17:50:29] [jobs] [INFO] 任务注册
[2026-05-12 17:50:29] [jobs] [INFO] 任务注册
[2026-05-12 17:50:29] [jobs] [INFO] 任务注册
[2026-05-12 17:50:29] [jobs] [INFO] 任务注册
[2026-05-12 17:50:29] [jobs] [INFO] 任务注册
[2026-05-12 17:50:29] [jobs] [INFO] 任务调度器启动成功
[2026-05-12 20:35:11] [jobs] [INFO] APScheduler 初始化成功
[2026-05-12 20:35:11] [jobs] [INFO] 任务注册
[2026-05-12 20:35:11] [jobs] [INFO] 任务注册
[2026-05-12 20:35:11] [jobs] [INFO] 任务注册
[2026-05-12 20:35:11] [jobs] [INFO] 任务注册
[2026-05-12 20:35:11] [jobs] [INFO] 任务注册
[2026-05-12 20:35:11] [jobs] [INFO] 任务注册
[2026-05-12 20:35:11] [jobs] [INFO] 任务注册
[2026-05-12 20:35:11] [jobs] [INFO] 任务注册
[2026-05-12 20:35:11] [jobs] [INFO] 任务注册
[2026-05-12 20:35:11] [jobs] [INFO] 任务调度器启动成功
