[2026-05-11 14:13:58] [risk] [INFO] risk 模块日志测试
[2026-05-11 15:59:00] [risk] [INFO] risk 模块日志测试
[2026-05-11 15:59:26] [risk] [INFO] risk 模块日志测试
[2026-05-11 18:51:28] [risk] [INFO] 风控审计查询
[2026-05-11 18:51:28] [risk] [INFO] 风控状态查询
[2026-05-11 18:51:28] [risk] [INFO] 风控审计查询
[2026-05-11 18:51:28] [risk] [INFO] 风控状态查询
[2026-05-11 19:47:54] [risk] [INFO] 风控状态查询
[2026-05-11 19:47:54] [risk] [INFO] 风控审计查询
[2026-05-11 19:47:54] [risk] [INFO] 风控状态查询
[2026-05-11 19:47:54] [risk] [INFO] 风控审计查询
[2026-05-11 20:47:32] [risk] [INFO] 风控状态查询
[2026-05-11 20:47:32] [risk] [INFO] 风控审计查询
[2026-05-11 20:47:32] [risk] [INFO] 风控状态查询
[2026-05-11 20:47:32] [risk] [INFO] 风控审计查询
[2026-05-11 21:05:02] [risk] [INFO] 风控状态查询
[2026-05-11 21:05:02] [risk] [INFO] 风控审计查询
[2026-05-11 21:05:02] [risk] [INFO] 风控状态查询
[2026-05-11 21:05:02] [risk] [INFO] 风控审计查询
[2026-05-12 11:30:52] [risk] [INFO] 风控状态查询
[2026-05-12 11:30:52] [risk] [INFO] 风控状态查询
[2026-05-12 11:30:55] [risk] [INFO] 风控审计查询
[2026-05-12 11:30:55] [risk] [INFO] 风控审计查询
[2026-05-12 11:30:56] [risk] [INFO] 风控状态查询
[2026-05-12 11:30:56] [risk] [INFO] 风控状态查询
[2026-05-12 11:59:20] [risk] [INFO] 风控状态查询
[2026-05-12 11:59:20] [risk] [INFO] 风控状态查询
[2026-05-12 12:16:56] [risk] [INFO] 风控状态查询
[2026-05-12 12:16:56] [risk] [INFO] 风控状态查询
[2026-05-12 12:35:20] [risk] [INFO] 风控状态查询
[2026-05-12 12:35:20] [risk] [INFO] 风控状态查询
[2026-05-12 12:35:36] [risk] [INFO] 风控状态查询
[2026-05-12 12:35:36] [risk] [INFO] 风控状态查询
[2026-05-12 12:39:23] [risk] [INFO] 风控状态查询
[2026-05-12 12:39:23] [risk] [INFO] 风控状态查询
[2026-05-12 13:12:39] [risk] [INFO] 风控状态查询
[2026-05-12 13:12:39] [risk] [INFO] 风控状态查询
[2026-05-12 20:51:01] [risk] [INFO] 风控状态查询
[2026-05-12 20:51:01] [risk] [INFO] 风控状态查询
[2026-05-12 21:03:43] [risk] [INFO] 风控状态查询
[2026-05-12 21:03:43] [risk] [INFO] 风控状态查询
[2026-05-12 21:24:38] [risk] [INFO] 风控状态查询
[2026-05-12 21:24:39] [risk] [INFO] 风控状态查询
[2026-05-12 22:42:38] [risk] [INFO] 风控审批请求
[2026-05-12 22:42:38] [risk] [INFO] 风控审批成功
[2026-05-12 23:00:55] [risk] [INFO] 风控审批请求
[2026-05-12 23:00:55] [risk] [INFO] 风控审批成功
[2026-05-12 23:00:55] [risk] [INFO] 风控审计查询
[2026-05-12 23:18:35] [risk] [INFO] 风控状态查询
[2026-05-12 23:21:17] [risk] [INFO] 风控状态查询
[2026-05-12 23:21:22] [risk] [INFO] 风控审批请求
[2026-05-12 23:21:22] [risk] [INFO] 风控审批成功
[2026-05-12 23:21:22] [risk] [INFO] 风控审计查询
[2026-05-12 23:23:25] [risk] [INFO] 风控状态查询
[2026-05-12 23:23:30] [risk] [INFO] 风控审批请求
[2026-05-12 23:23:30] [risk] [INFO] 风控审批成功
[2026-05-12 23:23:30] [risk] [INFO] 风控审计查询
[2026-05-12 23:25:18] [risk] [INFO] 风控状态查询
[2026-05-12 23:25:24] [risk] [INFO] 风控审批请求
[2026-05-12 23:25:24] [risk] [INFO] 风控审批成功
[2026-05-12 23:25:24] [risk] [INFO] 风控审计查询
[2026-05-12 23:27:37] [risk] [INFO] 风控状态查询
[2026-05-12 23:27:42] [risk] [INFO] 风控审批请求
[2026-05-12 23:27:42] [risk] [INFO] 风控审批成功
[2026-05-12 23:27:42] [risk] [INFO] 风控审计查询
[2026-05-12 23:30:05] [risk] [INFO] 风控状态查询
[2026-05-12 23:30:10] [risk] [INFO] 风控审批请求
[2026-05-12 23:30:10] [risk] [INFO] 风控审批成功
[2026-05-12 23:30:10] [risk] [INFO] 风控审计查询
[2026-05-12 23:50:26] [risk] [INFO] 风控状态查询
[2026-05-12 23:50:26] [risk] [INFO] 风控状态查询
[2026-05-12 23:50:50] [risk] [INFO] 风控状态查询
[2026-05-12 23:50:50] [risk] [INFO] 风控状态查询
[2026-05-13 00:47:05] [risk] [INFO] 风控状态查询
[2026-05-13 00:47:14] [risk] [INFO] 风控审批请求
[2026-05-13 00:47:14] [risk] [INFO] 风控审批成功
[2026-05-13 00:47:14] [risk] [INFO] 风控审计查询
[2026-05-13 00:49:20] [risk] [INFO] 风控状态查询
[2026-05-13 00:49:27] [risk] [INFO] 风控审批请求
[2026-05-13 00:49:27] [risk] [INFO] 风控审批成功
[2026-05-13 00:49:27] [risk] [INFO] 风控审计查询
[2026-05-13 01:29:29] [risk] [INFO] 风控状态查询
[2026-05-13 01:29:34] [risk] [INFO] 风控审批请求
[2026-05-13 01:29:34] [risk] [INFO] 风控审批成功
[2026-05-13 01:29:34] [risk] [INFO] 风控审计查询
[2026-05-13 01:34:37] [risk] [INFO] 风控状态查询
[2026-05-13 01:34:42] [risk] [INFO] 风控审批请求
[2026-05-13 01:34:42] [risk] [INFO] 风控审批成功
[2026-05-13 01:34:42] [risk] [INFO] 风控审计查询
[2026-05-13 01:45:40] [risk] [INFO] 风控状态查询
[2026-05-13 01:45:45] [risk] [INFO] 风控审批请求
[2026-05-13 01:45:45] [risk] [INFO] 风控审批成功
[2026-05-13 01:45:45] [risk] [INFO] 风控审计查询
[2026-05-15 16:31:25] [risk] [INFO] 风控状态查询
[2026-05-15 16:31:25] [risk] [INFO] 风控状态查询
