[2026-05-11 14:13:58] [watchlist] [INFO] watchlist 模块日志测试
[2026-05-11 15:59:00] [watchlist] [INFO] watchlist 模块日志测试
[2026-05-11 15:59:26] [watchlist] [INFO] watchlist 模块日志测试
[2026-05-11 18:41:24] [watchlist] [INFO] 股票搜索
[2026-05-11 18:41:38] [watchlist] [INFO] 股票搜索
[2026-05-11 18:41:43] [watchlist] [INFO] 股票搜索
[2026-05-11 18:41:52] [watchlist] [INFO] 股票搜索
[2026-05-11 18:42:04] [watchlist] [INFO] 股票搜索
[2026-05-11 18:42:11] [watchlist] [INFO] 股票搜索
[2026-05-11 18:42:13] [watchlist] [INFO] 股票搜索
[2026-05-11 18:46:28] [watchlist] [INFO] 股票搜索
[2026-05-11 18:52:19] [watchlist] [INFO] 自选股列表查询
[2026-05-11 18:52:19] [watchlist] [INFO] 自选股列表查询
[2026-05-11 18:55:06] [watchlist] [INFO] 自选股列表查询
[2026-05-11 18:55:06] [watchlist] [INFO] 自选股列表查询
[2026-05-11 18:55:09] [watchlist] [INFO] 股票搜索
[2026-05-11 18:55:10] [watchlist] [INFO] 股票搜索
[2026-05-11 18:55:14] [watchlist] [INFO] 股票搜索
[2026-05-11 18:55:21] [watchlist] [INFO] 股票搜索
[2026-05-11 18:55:23] [watchlist] [INFO] 股票搜索
[2026-05-11 18:55:40] [watchlist] [INFO] 股票搜索
[2026-05-11 18:56:34] [watchlist] [INFO] 股票搜索
[2026-05-11 18:56:36] [watchlist] [INFO] 股票搜索
[2026-05-11 18:56:55] [watchlist] [INFO] 股票搜索
[2026-05-11 18:57:14] [watchlist] [INFO] 股票搜索
[2026-05-11 18:57:25] [watchlist] [INFO] 股票搜索
[2026-05-11 18:57:31] [watchlist] [INFO] 股票搜索
[2026-05-11 18:57:33] [watchlist] [INFO] 股票搜索
[2026-05-11 18:57:47] [watchlist] [INFO] 股票搜索
[2026-05-11 18:57:49] [watchlist] [INFO] 股票搜索
[2026-05-11 18:57:49] [watchlist] [INFO] 股票搜索
[2026-05-11 18:57:54] [watchlist] [INFO] 股票搜索
[2026-05-11 18:58:13] [watchlist] [INFO] 股票搜索
[2026-05-11 18:58:20] [watchlist] [INFO] 股票搜索
[2026-05-11 18:58:27] [watchlist] [INFO] 股票搜索
[2026-05-11 18:58:48] [watchlist] [INFO] 股票搜索
[2026-05-11 18:59:03] [watchlist] [INFO] 股票搜索
[2026-05-11 18:59:13] [watchlist] [INFO] 股票搜索
[2026-05-11 19:02:21] [watchlist] [INFO] 股票搜索
[2026-05-11 19:52:43] [watchlist] [INFO] 自选股列表查询
[2026-05-11 19:52:43] [watchlist] [INFO] 自选股列表查询
[2026-05-11 20:04:34] [watchlist] [INFO] 股票搜索
[2026-05-11 20:09:48] [watchlist] [INFO] 股票搜索
[2026-05-11 20:29:39] [watchlist] [INFO] 股票搜索
[2026-05-11 20:29:49] [watchlist] [INFO] 股票搜索
[2026-05-11 20:31:16] [watchlist] [INFO] 自选股列表查询
[2026-05-11 20:31:17] [watchlist] [INFO] 自选股列表查询
[2026-05-11 20:31:18] [watchlist] [INFO] 股票搜索
[2026-05-11 20:31:19] [watchlist] [INFO] 添加自选股
[2026-05-11 20:31:20] [watchlist] [INFO] 添加自选股成功
[2026-05-11 20:31:20] [watchlist] [INFO] 自选股列表查询
[2026-05-11 20:31:20] [watchlist] [INFO] 自选股行情快照查询
[2026-05-11 20:33:16] [watchlist] [INFO] 自选股列表查询
[2026-05-11 20:33:16] [watchlist] [INFO] 自选股行情快照查询
[2026-05-11 20:33:41] [watchlist] [INFO] 自选股列表查询
[2026-05-11 20:33:42] [watchlist] [INFO] 自选股列表查询
[2026-05-11 20:33:42] [watchlist] [INFO] 自选股行情快照查询
[2026-05-11 20:33:43] [watchlist] [INFO] 自选股行情快照查询
[2026-05-11 20:33:43] [watchlist] [INFO] 自选股列表查询
[2026-05-11 20:42:41] [watchlist] [INFO] 股票搜索
[2026-05-11 20:42:45] [watchlist] [INFO] 自选股列表查询
[2026-05-11 20:42:45] [watchlist] [INFO] 自选股列表查询
[2026-05-11 20:42:45] [watchlist] [INFO] 自选股行情快照查询
[2026-05-11 20:42:52] [watchlist] [INFO] 股票搜索
[2026-05-11 20:45:45] [watchlist] [INFO] 自选股分组列表查询
[2026-05-11 20:45:45] [watchlist] [INFO] 按分组查询自选股
[2026-05-11 20:45:46] [watchlist] [INFO] 按分组查询自选股
[2026-05-11 20:45:46] [watchlist] [INFO] 自选股分组列表查询
[2026-05-11 20:45:48] [watchlist] [INFO] 股票搜索
[2026-05-11 20:45:50] [watchlist] [INFO] 添加自选股（带分组）
[2026-05-11 20:45:50] [watchlist] [INFO] 按分组查询自选股
[2026-05-11 20:46:07] [watchlist] [INFO] 股票搜索
[2026-05-11 20:47:36] [watchlist] [INFO] 自选股分组列表查询
[2026-05-11 20:47:36] [watchlist] [INFO] 按分组查询自选股
[2026-05-11 20:47:37] [watchlist] [INFO] 按分组查询自选股
[2026-05-11 20:47:37] [watchlist] [INFO] 自选股分组列表查询
[2026-05-11 20:47:38] [watchlist] [INFO] 股票搜索
[2026-05-11 20:47:40] [watchlist] [INFO] 添加自选股（带分组）
[2026-05-11 20:47:42] [watchlist] [INFO] 按分组查询自选股
[2026-05-11 20:47:42] [watchlist] [INFO] 自选股分组列表查询
[2026-05-11 20:47:44] [watchlist] [INFO] 股票搜索
[2026-05-11 20:47:45] [watchlist] [INFO] 按分组查询自选股
[2026-05-11 20:47:47] [watchlist] [INFO] 添加自选股（带分组）
[2026-05-11 20:47:51] [watchlist] [INFO] 按分组查询自选股
[2026-05-11 20:47:58] [watchlist] [INFO] 自选股分组列表查询
[2026-05-11 20:47:58] [watchlist] [INFO] 按分组查询自选股
[2026-05-11 20:48:14] [watchlist] [INFO] 自选股分组列表查询
[2026-05-11 20:48:14] [watchlist] [INFO] 按分组查询自选股
[2026-05-11 20:48:26] [watchlist] [INFO] 自选股分组列表查询
[2026-05-11 20:48:26] [watchlist] [INFO] 按分组查询自选股
[2026-05-11 20:49:24] [watchlist] [INFO] 自选股分组列表查询
[2026-05-11 20:49:24] [watchlist] [INFO] 按分组查询自选股
[2026-05-11 20:51:53] [watchlist] [INFO] 按分组查询自选股
[2026-05-11 20:51:53] [watchlist] [INFO] 自选股分组列表查询
[2026-05-11 20:51:53] [watchlist] [INFO] 按分组查询自选股
[2026-05-11 20:51:53] [watchlist] [INFO] 自选股分组列表查询
[2026-05-11 20:51:55] [watchlist] [INFO] 自选股分组列表查询
[2026-05-11 20:51:55] [watchlist] [INFO] 按分组查询自选股
[2026-05-11 20:51:56] [watchlist] [INFO] 按分组查询自选股
[2026-05-11 20:51:56] [watchlist] [INFO] 自选股分组列表查询
[2026-05-11 20:52:08] [watchlist] [INFO] 自选股分组列表查询
[2026-05-11 20:52:08] [watchlist] [INFO] 按分组查询自选股
[2026-05-11 20:52:08] [watchlist] [INFO] 按分组查询自选股
[2026-05-11 20:52:08] [watchlist] [INFO] 自选股分组列表查询
[2026-05-11 20:53:20] [watchlist] [INFO] 自选股分组列表查询
[2026-05-11 20:53:20] [watchlist] [INFO] 按分组查询自选股
[2026-05-11 20:53:21] [watchlist] [INFO] 按分组查询自选股
[2026-05-11 20:53:21] [watchlist] [INFO] 自选股分组列表查询
[2026-05-11 20:55:48] [watchlist] [INFO] 按分组查询自选股
[2026-05-11 20:55:48] [watchlist] [INFO] 自选股分组列表查询
[2026-05-11 20:55:49] [watchlist] [INFO] 自选股分组列表查询
[2026-05-11 20:55:49] [watchlist] [INFO] 按分组查询自选股
[2026-05-11 20:55:49] [watchlist] [INFO] 自选股行情快照查询
[2026-05-11 20:55:58] [watchlist] [INFO] 新建自选股分组
[2026-05-11 20:55:58] [watchlist] [INFO] 自选股分组列表查询
[2026-05-11 20:56:08] [watchlist] [INFO] 新建自选股分组
[2026-05-11 20:56:08] [watchlist] [INFO] 自选股分组列表查询
[2026-05-11 20:58:12] [watchlist] [INFO] 自选股分组列表查询
[2026-05-11 20:58:12] [watchlist] [INFO] 自选股行情快照查询
[2026-05-11 20:58:12] [watchlist] [INFO] 按分组查询自选股
[2026-05-11 20:58:27] [watchlist] [INFO] 自选股分组列表查询
[2026-05-11 20:58:27] [watchlist] [INFO] 自选股行情快照查询
[2026-05-11 20:58:27] [watchlist] [INFO] 按分组查询自选股
[2026-05-11 20:59:34] [watchlist] [INFO] 自选股分组列表查询
[2026-05-11 20:59:34] [watchlist] [INFO] 按分组查询自选股
[2026-05-11 20:59:35] [watchlist] [INFO] 自选股分组列表查询
[2026-05-11 20:59:35] [watchlist] [INFO] 按分组查询自选股
[2026-05-11 20:59:35] [watchlist] [INFO] 自选股行情快照查询
[2026-05-11 20:59:38] [watchlist] [INFO] 按分组查询自选股
[2026-05-11 20:59:39] [watchlist] [INFO] 按分组查询自选股
[2026-05-11 20:59:46] [watchlist] [INFO] 按分组查询自选股
[2026-05-11 20:59:47] [watchlist] [INFO] 自选股行情快照查询
[2026-05-11 20:59:51] [watchlist] [INFO] 按分组查询自选股
[2026-05-11 20:59:52] [watchlist] [INFO] 按分组查询自选股
[2026-05-11 20:59:54] [watchlist] [INFO] 股票搜索
[2026-05-11 20:59:55] [watchlist] [INFO] 添加自选股（带分组）
[2026-05-11 20:59:55] [watchlist] [INFO] 按分组查询自选股
[2026-05-11 20:59:57] [watchlist] [INFO] 股票搜索
[2026-05-11 20:59:59] [watchlist] [INFO] 添加自选股（带分组）
[2026-05-11 21:00:00] [watchlist] [INFO] 按分组查询自选股
[2026-05-11 21:00:01] [watchlist] [INFO] 按分组查询自选股
[2026-05-11 21:00:03] [watchlist] [INFO] 按分组查询自选股
[2026-05-11 21:00:04] [watchlist] [INFO] 自选股行情快照查询
[2026-05-11 21:00:12] [watchlist] [INFO] 自选股分组列表查询
[2026-05-11 21:00:12] [watchlist] [INFO] 按分组查询自选股
[2026-05-11 21:00:12] [watchlist] [INFO] 自选股分组列表查询
[2026-05-11 21:00:12] [watchlist] [INFO] 按分组查询自选股
[2026-05-11 21:00:12] [watchlist] [INFO] 自选股行情快照查询
[2026-05-11 21:00:14] [watchlist] [INFO] 按分组查询自选股
[2026-05-11 21:00:15] [watchlist] [INFO] 按分组查询自选股
[2026-05-11 21:00:25] [watchlist] [INFO] 删除自选股分组
[2026-05-11 21:00:25] [watchlist] [INFO] 自选股分组列表查询
[2026-05-11 21:00:58] [watchlist] [INFO] 按分组查询自选股
[2026-05-11 21:00:59] [watchlist] [INFO] 自选股行情快照查询
[2026-05-11 21:00:59] [watchlist] [INFO] 自选股分组列表查询
[2026-05-11 21:00:59] [watchlist] [INFO] 按分组查询自选股
[2026-05-11 21:00:59] [watchlist] [INFO] 自选股行情快照查询
[2026-05-11 21:01:02] [watchlist] [INFO] 股票搜索
[2026-05-11 21:01:04] [watchlist] [INFO] 添加自选股（带分组）
[2026-05-11 21:01:04] [watchlist] [INFO] 按分组查询自选股
[2026-05-11 21:01:09] [watchlist] [INFO] 股票搜索
[2026-05-11 21:01:10] [watchlist] [INFO] 自选股分组列表查询
[2026-05-11 21:01:10] [watchlist] [INFO] 按分组查询自选股
[2026-05-11 21:01:10] [watchlist] [INFO] 自选股行情快照查询
[2026-05-11 21:01:10] [watchlist] [INFO] 添加自选股（带分组）
[2026-05-11 21:01:11] [watchlist] [INFO] 自选股行情快照查询
[2026-05-11 21:01:11] [watchlist] [INFO] 按分组查询自选股
[2026-05-11 21:01:13] [watchlist] [INFO] 自选股分组列表查询
[2026-05-11 21:01:13] [watchlist] [INFO] 按分组查询自选股
[2026-05-11 21:01:13] [watchlist] [INFO] 自选股行情快照查询
[2026-05-11 21:01:14] [watchlist] [INFO] 按分组查询自选股
[2026-05-11 21:01:14] [watchlist] [INFO] 自选股行情快照查询
[2026-05-11 21:01:15] [watchlist] [INFO] 按分组查询自选股
[2026-05-11 21:01:15] [watchlist] [INFO] 自选股行情快照查询
[2026-05-11 21:01:24] [watchlist] [INFO] 新建自选股分组
[2026-05-11 21:01:24] [watchlist] [INFO] 自选股分组列表查询
[2026-05-11 21:01:37] [watchlist] [INFO] 股票搜索
[2026-05-11 21:01:39] [watchlist] [INFO] 股票搜索
[2026-05-11 21:01:44] [watchlist] [INFO] 股票搜索
[2026-05-11 21:01:58] [watchlist] [INFO] 股票搜索
[2026-05-11 21:02:00] [watchlist] [INFO] 股票搜索
[2026-05-11 21:02:01] [watchlist] [INFO] 添加自选股（带分组）
[2026-05-11 21:02:02] [watchlist] [INFO] 按分组查询自选股
[2026-05-11 21:02:02] [watchlist] [INFO] 自选股行情快照查询
[2026-05-11 21:02:03] [watchlist] [INFO] 按分组查询自选股
[2026-05-11 21:02:04] [watchlist] [INFO] 自选股行情快照查询
[2026-05-11 21:02:05] [watchlist] [INFO] 按分组查询自选股
[2026-05-11 21:02:06] [watchlist] [INFO] 按分组查询自选股
[2026-05-11 21:02:08] [watchlist] [INFO] 自选股行情快照查询
[2026-05-11 21:05:07] [watchlist] [INFO] 自选股分组列表查询
[2026-05-11 21:05:07] [watchlist] [INFO] 按分组查询自选股
[2026-05-11 21:05:08] [watchlist] [INFO] 自选股分组列表查询
[2026-05-11 21:05:08] [watchlist] [INFO] 按分组查询自选股
[2026-05-11 21:05:08] [watchlist] [INFO] 自选股行情快照查询
[2026-05-11 21:05:44] [watchlist] [INFO] 自选股分组列表查询
[2026-05-11 21:05:44] [watchlist] [INFO] 按分组查询自选股
[2026-05-11 21:05:45] [watchlist] [INFO] 按分组查询自选股
[2026-05-11 21:05:45] [watchlist] [INFO] 自选股分组列表查询
[2026-05-11 21:05:45] [watchlist] [INFO] 自选股行情快照查询
[2026-05-11 21:09:10] [watchlist] [INFO] 股票搜索
[2026-05-11 21:09:23] [watchlist] [INFO] 自选股分组列表查询
[2026-05-11 21:09:23] [watchlist] [INFO] 按分组查询自选股
[2026-05-11 21:09:23] [watchlist] [INFO] 自选股分组列表查询
[2026-05-11 21:09:23] [watchlist] [INFO] 自选股行情快照查询
[2026-05-11 21:09:23] [watchlist] [INFO] 按分组查询自选股
[2026-05-11 21:13:01] [watchlist] [INFO] 自选股分组列表查询
[2026-05-11 21:13:01] [watchlist] [INFO] 按分组查询自选股
[2026-05-11 21:13:02] [watchlist] [INFO] 自选股分组列表查询
[2026-05-11 21:13:02] [watchlist] [INFO] 按分组查询自选股
[2026-05-11 21:13:02] [watchlist] [INFO] 自选股行情快照查询
[2026-05-11 21:20:44] [watchlist] [INFO] 按分组查询自选股
[2026-05-11 21:20:44] [watchlist] [INFO] 自选股分组列表查询
[2026-05-11 21:20:44] [watchlist] [INFO] 按分组查询自选股
[2026-05-11 21:20:44] [watchlist] [INFO] 自选股分组列表查询
[2026-05-11 21:20:44] [watchlist] [INFO] 自选股行情快照查询
[2026-05-11 21:24:14] [watchlist] [INFO] 自选股分组列表查询
[2026-05-11 21:24:14] [watchlist] [INFO] 按分组查询自选股
[2026-05-11 21:24:14] [watchlist] [INFO] 按分组查询自选股
[2026-05-11 21:24:14] [watchlist] [INFO] 自选股分组列表查询
[2026-05-11 21:24:14] [watchlist] [INFO] 自选股行情快照查询
[2026-05-12 12:46:04] [watchlist] [INFO] 自选股分组列表查询
[2026-05-12 12:46:04] [watchlist] [INFO] 按分组查询自选股
[2026-05-12 12:46:04] [watchlist] [INFO] 按分组查询自选股
[2026-05-12 12:46:04] [watchlist] [INFO] 自选股分组列表查询
[2026-05-12 12:46:04] [watchlist] [INFO] 自选股行情快照查询
[2026-05-12 12:46:07] [watchlist] [INFO] 股票搜索
[2026-05-12 12:48:34] [watchlist] [INFO] 按分组查询自选股
[2026-05-12 12:48:34] [watchlist] [INFO] 自选股分组列表查询
[2026-05-12 12:48:34] [watchlist] [INFO] 按分组查询自选股
[2026-05-12 12:48:34] [watchlist] [INFO] 自选股行情快照查询
[2026-05-12 12:48:34] [watchlist] [INFO] 自选股分组列表查询
[2026-05-12 12:59:51] [watchlist] [INFO] 自选股分组列表查询
[2026-05-12 12:59:51] [watchlist] [INFO] 按分组查询自选股
[2026-05-12 12:59:52] [watchlist] [INFO] 按分组查询自选股
[2026-05-12 12:59:52] [watchlist] [INFO] 自选股分组列表查询
[2026-05-12 12:59:52] [watchlist] [INFO] 自选股行情快照查询
[2026-05-12 13:12:23] [watchlist] [INFO] 自选股分组列表查询
[2026-05-12 13:12:23] [watchlist] [INFO] 按分组查询自选股
[2026-05-12 13:12:23] [watchlist] [INFO] 自选股分组列表查询
[2026-05-12 13:12:23] [watchlist] [INFO] 按分组查询自选股
[2026-05-12 13:12:23] [watchlist] [INFO] 自选股行情快照查询
[2026-05-12 13:12:24] [watchlist] [INFO] 股票搜索
[2026-05-12 13:12:26] [watchlist] [INFO] 添加自选股（带分组）
[2026-05-12 13:12:26] [watchlist] [INFO] 按分组查询自选股
[2026-05-12 13:12:27] [watchlist] [INFO] 股票搜索
[2026-05-12 13:12:29] [watchlist] [INFO] 添加自选股（带分组）
[2026-05-12 13:12:29] [watchlist] [INFO] 按分组查询自选股
[2026-05-12 13:12:33] [watchlist] [INFO] 股票搜索
[2026-05-12 13:12:35] [watchlist] [INFO] 添加自选股（带分组）
[2026-05-12 13:12:35] [watchlist] [INFO] 按分组查询自选股
[2026-05-12 14:40:11] [watchlist] [INFO] 自选股分组列表查询
[2026-05-12 14:40:11] [watchlist] [INFO] 按分组查询自选股
[2026-05-12 14:40:12] [watchlist] [INFO] 按分组查询自选股
[2026-05-12 14:40:12] [watchlist] [INFO] 自选股分组列表查询
[2026-05-12 14:40:12] [watchlist] [INFO] 自选股行情快照查询
[2026-05-12 14:41:43] [watchlist] [INFO] 自选股分组列表查询
[2026-05-12 14:41:43] [watchlist] [INFO] 按分组查询自选股
[2026-05-12 14:41:43] [watchlist] [INFO] 按分组查询自选股
[2026-05-12 14:41:43] [watchlist] [INFO] 自选股分组列表查询
[2026-05-12 14:41:43] [watchlist] [INFO] 自选股行情快照查询
[2026-05-12 14:43:11] [watchlist] [INFO] 股票搜索
[2026-05-12 15:07:08] [watchlist] [INFO] 按分组查询自选股
[2026-05-12 15:07:08] [watchlist] [INFO] 自选股分组列表查询
[2026-05-12 15:07:09] [watchlist] [INFO] 自选股分组列表查询
[2026-05-12 15:07:09] [watchlist] [INFO] 按分组查询自选股
[2026-05-12 15:07:09] [watchlist] [INFO] 自选股行情快照查询
[2026-05-12 15:20:50] [watchlist] [INFO] 股票搜索
[2026-05-12 15:48:27] [watchlist] [INFO] 股票搜索
[2026-05-12 16:44:43] [watchlist] [INFO] 股票搜索
[2026-05-12 16:45:10] [watchlist] [INFO] 股票搜索
[2026-05-12 16:47:03] [watchlist] [INFO] 股票搜索
[2026-05-12 16:47:15] [watchlist] [INFO] 股票搜索
[2026-05-12 16:48:00] [watchlist] [INFO] 股票搜索
[2026-05-12 16:50:53] [watchlist] [INFO] 股票搜索
[2026-05-12 17:02:59] [watchlist] [INFO] 股票搜索
[2026-05-12 17:03:00] [watchlist] [INFO] 股票搜索
[2026-05-12 17:03:01] [watchlist] [INFO] 股票搜索
[2026-05-12 17:03:03] [watchlist] [INFO] 股票搜索
[2026-05-12 17:03:03] [watchlist] [INFO] 股票搜索
[2026-05-12 17:03:05] [watchlist] [INFO] 股票搜索
[2026-05-12 17:03:12] [watchlist] [INFO] 股票搜索
[2026-05-12 20:51:56] [watchlist] [INFO] 股票搜索
[2026-05-12 21:03:31] [watchlist] [INFO] 自选股分组列表查询
[2026-05-12 21:03:31] [watchlist] [INFO] 按分组查询自选股
[2026-05-12 21:03:31] [watchlist] [INFO] 自选股分组列表查询
[2026-05-12 21:03:31] [watchlist] [INFO] 按分组查询自选股
[2026-05-12 21:03:31] [watchlist] [INFO] 自选股行情快照查询
[2026-05-12 21:03:33] [watchlist] [INFO] 股票搜索
[2026-05-12 21:04:13] [watchlist] [INFO] 股票搜索
[2026-05-12 21:04:15] [watchlist] [INFO] 股票搜索
[2026-05-12 21:17:35] [watchlist] [INFO] 股票搜索
[2026-05-12 21:17:37] [watchlist] [INFO] 股票搜索
[2026-05-12 21:17:38] [watchlist] [INFO] 股票搜索
[2026-05-12 21:17:40] [watchlist] [INFO] 股票搜索
[2026-05-12 21:17:48] [watchlist] [INFO] 股票搜索
[2026-05-12 21:19:53] [watchlist] [INFO] 自选股分组列表查询
[2026-05-12 21:19:53] [watchlist] [INFO] 按分组查询自选股
[2026-05-12 21:19:54] [watchlist] [INFO] 自选股分组列表查询
[2026-05-12 21:19:54] [watchlist] [INFO] 按分组查询自选股
[2026-05-12 21:19:54] [watchlist] [INFO] 自选股行情快照查询
[2026-05-12 21:19:58] [watchlist] [INFO] 自选股置顶操作
[2026-05-12 21:19:58] [watchlist] [INFO] 按分组查询自选股
[2026-05-12 21:20:00] [watchlist] [INFO] 自选股置顶操作
[2026-05-12 21:20:00] [watchlist] [INFO] 按分组查询自选股
[2026-05-12 21:24:27] [watchlist] [INFO] 自选股分组列表查询
[2026-05-12 21:24:27] [watchlist] [INFO] 按分组查询自选股
[2026-05-12 21:24:28] [watchlist] [INFO] 自选股分组列表查询
[2026-05-12 21:24:28] [watchlist] [INFO] 按分组查询自选股
[2026-05-12 21:24:28] [watchlist] [INFO] 自选股行情快照查询
[2026-05-12 22:42:36] [watchlist] [INFO] 自选股列表查询
[2026-05-12 22:42:36] [watchlist] [INFO] 添加自选股
[2026-05-12 22:42:36] [watchlist] [INFO] 添加自选股成功
[2026-05-12 23:00:53] [watchlist] [INFO] 自选股列表查询
[2026-05-12 23:00:54] [watchlist] [INFO] 添加自选股
[2026-05-12 23:00:54] [watchlist] [INFO] 添加自选股成功
[2026-05-12 23:00:54] [watchlist] [INFO] 自选股置顶操作
[2026-05-12 23:00:54] [watchlist] [INFO] 自选股排序更新
[2026-05-12 23:00:54] [watchlist] [INFO] 删除自选股
[2026-05-12 23:00:54] [watchlist] [INFO] 删除自选股成功
[2026-05-12 23:21:21] [watchlist] [INFO] 自选股列表查询
[2026-05-12 23:21:21] [watchlist] [INFO] 添加自选股
[2026-05-12 23:21:21] [watchlist] [INFO] 添加自选股成功
[2026-05-12 23:21:21] [watchlist] [INFO] 自选股置顶操作
[2026-05-12 23:21:21] [watchlist] [INFO] 自选股排序更新
[2026-05-12 23:21:21] [watchlist] [INFO] 删除自选股
[2026-05-12 23:21:21] [watchlist] [INFO] 删除自选股成功
[2026-05-12 23:23:29] [watchlist] [INFO] 自选股列表查询
[2026-05-12 23:23:29] [watchlist] [INFO] 添加自选股
[2026-05-12 23:23:29] [watchlist] [INFO] 添加自选股成功
[2026-05-12 23:23:29] [watchlist] [INFO] 自选股置顶操作
[2026-05-12 23:23:29] [watchlist] [INFO] 自选股排序更新
[2026-05-12 23:23:29] [watchlist] [INFO] 删除自选股
[2026-05-12 23:23:29] [watchlist] [INFO] 删除自选股成功
[2026-05-12 23:25:22] [watchlist] [INFO] 自选股列表查询
[2026-05-12 23:25:22] [watchlist] [INFO] 添加自选股
[2026-05-12 23:25:22] [watchlist] [INFO] 添加自选股成功
[2026-05-12 23:25:22] [watchlist] [INFO] 自选股置顶操作
[2026-05-12 23:25:22] [watchlist] [INFO] 自选股排序更新
[2026-05-12 23:25:22] [watchlist] [INFO] 删除自选股
[2026-05-12 23:25:22] [watchlist] [INFO] 删除自选股成功
[2026-05-12 23:27:41] [watchlist] [INFO] 自选股列表查询
[2026-05-12 23:27:41] [watchlist] [INFO] 添加自选股
[2026-05-12 23:27:41] [watchlist] [INFO] 添加自选股成功
[2026-05-12 23:27:41] [watchlist] [INFO] 自选股置顶操作
[2026-05-12 23:27:41] [watchlist] [INFO] 自选股排序更新
[2026-05-12 23:27:41] [watchlist] [INFO] 删除自选股
[2026-05-12 23:27:41] [watchlist] [INFO] 删除自选股成功
[2026-05-12 23:30:09] [watchlist] [INFO] 自选股列表查询
[2026-05-12 23:30:09] [watchlist] [INFO] 添加自选股
[2026-05-12 23:30:09] [watchlist] [INFO] 添加自选股成功
[2026-05-12 23:30:09] [watchlist] [INFO] 自选股置顶操作
[2026-05-12 23:30:09] [watchlist] [INFO] 自选股排序更新
[2026-05-12 23:30:09] [watchlist] [INFO] 删除自选股
[2026-05-12 23:30:09] [watchlist] [INFO] 删除自选股成功
[2026-05-12 23:50:13] [watchlist] [INFO] 自选股分组列表查询
[2026-05-12 23:50:13] [watchlist] [INFO] 按分组查询自选股
[2026-05-12 23:50:14] [watchlist] [INFO] 按分组查询自选股
[2026-05-12 23:50:14] [watchlist] [INFO] 自选股分组列表查询
[2026-05-12 23:50:14] [watchlist] [INFO] 自选股行情快照查询
[2026-05-12 23:50:46] [watchlist] [INFO] 自选股分组列表查询
[2026-05-12 23:50:46] [watchlist] [INFO] 按分组查询自选股
[2026-05-12 23:50:46] [watchlist] [INFO] 按分组查询自选股
[2026-05-12 23:50:46] [watchlist] [INFO] 自选股分组列表查询
[2026-05-12 23:50:46] [watchlist] [INFO] 自选股行情快照查询
[2026-05-13 00:47:12] [watchlist] [INFO] 自选股列表查询
[2026-05-13 00:47:13] [watchlist] [INFO] 添加自选股
[2026-05-13 00:47:13] [watchlist] [INFO] 添加自选股成功
[2026-05-13 00:47:13] [watchlist] [INFO] 自选股置顶操作
[2026-05-13 00:47:13] [watchlist] [INFO] 自选股排序更新
[2026-05-13 00:47:13] [watchlist] [INFO] 删除自选股
[2026-05-13 00:47:13] [watchlist] [INFO] 删除自选股成功
[2026-05-13 00:49:26] [watchlist] [INFO] 自选股列表查询
[2026-05-13 00:49:26] [watchlist] [INFO] 添加自选股
[2026-05-13 00:49:26] [watchlist] [INFO] 添加自选股成功
[2026-05-13 00:49:26] [watchlist] [INFO] 自选股置顶操作
[2026-05-13 00:49:26] [watchlist] [INFO] 自选股排序更新
[2026-05-13 00:49:26] [watchlist] [INFO] 删除自选股
[2026-05-13 00:49:26] [watchlist] [INFO] 删除自选股成功
[2026-05-13 01:29:32] [watchlist] [INFO] 自选股列表查询
[2026-05-13 01:29:33] [watchlist] [INFO] 添加自选股
[2026-05-13 01:29:33] [watchlist] [INFO] 添加自选股成功
[2026-05-13 01:29:33] [watchlist] [INFO] 自选股置顶操作
[2026-05-13 01:29:33] [watchlist] [INFO] 自选股排序更新
[2026-05-13 01:29:33] [watchlist] [INFO] 删除自选股
[2026-05-13 01:29:33] [watchlist] [INFO] 删除自选股成功
[2026-05-13 01:34:40] [watchlist] [INFO] 自选股列表查询
[2026-05-13 01:34:40] [watchlist] [INFO] 添加自选股
[2026-05-13 01:34:40] [watchlist] [INFO] 添加自选股成功
[2026-05-13 01:34:40] [watchlist] [INFO] 自选股置顶操作
[2026-05-13 01:34:40] [watchlist] [INFO] 自选股排序更新
[2026-05-13 01:34:40] [watchlist] [INFO] 删除自选股
[2026-05-13 01:34:40] [watchlist] [INFO] 删除自选股成功
[2026-05-13 01:45:43] [watchlist] [INFO] 自选股列表查询
[2026-05-13 01:45:43] [watchlist] [INFO] 添加自选股
[2026-05-13 01:45:43] [watchlist] [INFO] 添加自选股成功
[2026-05-13 01:45:43] [watchlist] [INFO] 自选股置顶操作
[2026-05-13 01:45:43] [watchlist] [INFO] 自选股排序更新
[2026-05-13 01:45:43] [watchlist] [INFO] 删除自选股
[2026-05-13 01:45:43] [watchlist] [INFO] 删除自选股成功
[2026-05-13 14:06:19] [watchlist] [INFO] 股票搜索
[2026-05-13 14:06:20] [watchlist] [INFO] 自选股列表查询
[2026-05-13 17:27:29] [watchlist] [INFO] 自选股分组列表查询
[2026-05-13 17:27:29] [watchlist] [INFO] 按分组查询自选股
[2026-05-13 17:27:29] [watchlist] [INFO] 按分组查询自选股
[2026-05-13 17:27:29] [watchlist] [INFO] 自选股分组列表查询
[2026-05-13 17:27:29] [watchlist] [INFO] 自选股行情快照查询
[2026-05-13 17:27:41] [watchlist] [INFO] 自选股分组列表查询
[2026-05-13 17:27:41] [watchlist] [INFO] 按分组查询自选股
[2026-05-13 17:27:41] [watchlist] [INFO] 自选股分组列表查询
[2026-05-13 17:27:41] [watchlist] [INFO] 按分组查询自选股
[2026-05-13 17:27:41] [watchlist] [INFO] 自选股行情快照查询
[2026-05-13 17:45:07] [watchlist] [INFO] 自选股行情快照查询
[2026-05-13 17:45:17] [watchlist] [INFO] 自选股行情快照查询
[2026-05-13 17:47:41] [watchlist] [INFO] 自选股行情快照查询
[2026-05-13 17:49:13] [watchlist] [INFO] 自选股行情快照查询
[2026-05-13 17:50:13] [watchlist] [INFO] 自选股行情快照查询
[2026-05-15 01:38:07] [watchlist] [INFO] 自选股分组列表查询
[2026-05-15 01:38:07] [watchlist] [INFO] 按分组查询自选股
[2026-05-15 01:38:08] [watchlist] [INFO] 自选股分组列表查询
[2026-05-15 01:38:08] [watchlist] [INFO] 按分组查询自选股
[2026-05-15 01:38:08] [watchlist] [INFO] 自选股行情快照查询
[2026-05-15 14:52:45] [watchlist] [INFO] 自选股分组列表查询
[2026-05-15 14:52:47] [watchlist] [INFO] 自选股分组列表查询
[2026-05-15 14:52:47] [watchlist] [INFO] 按分组查询自选股
[2026-05-15 14:52:50] [watchlist] [INFO] 自选股分组列表查询
[2026-05-15 14:52:50] [watchlist] [INFO] 自选股行情快照查询
[2026-05-15 14:52:52] [watchlist] [INFO] 自选股分组列表查询
[2026-05-15 14:52:52] [watchlist] [INFO] 按分组查询自选股
[2026-05-15 14:52:53] [watchlist] [INFO] 自选股分组列表查询
[2026-05-15 14:52:53] [watchlist] [INFO] 自选股行情快照查询
[2026-05-15 14:52:55] [watchlist] [INFO] 自选股分组列表查询
[2026-05-15 14:52:55] [watchlist] [INFO] 按分组查询自选股
[2026-05-15 14:52:59] [watchlist] [INFO] 自选股分组列表查询
[2026-05-15 14:52:59] [watchlist] [INFO] 自选股行情快照查询
[2026-05-15 14:53:01] [watchlist] [INFO] 自选股分组列表查询
[2026-05-15 14:53:01] [watchlist] [INFO] 按分组查询自选股
[2026-05-15 14:53:03] [watchlist] [INFO] 自选股分组列表查询
[2026-05-15 14:57:15] [watchlist] [INFO] 自选股分组列表查询
[2026-05-15 14:57:15] [watchlist] [INFO] 自选股分组列表查询
[2026-05-15 16:18:53] [watchlist] [INFO] 自选股分组列表查询
[2026-05-15 16:18:53] [watchlist] [INFO] 自选股分组列表查询
[2026-05-15 16:20:48] [watchlist] [INFO] 自选股分组列表查询
[2026-05-15 16:20:48] [watchlist] [INFO] 自选股分组列表查询
[2026-05-15 16:22:07] [watchlist] [INFO] 自选股分组列表查询
[2026-05-15 16:22:07] [watchlist] [INFO] 按分组查询自选股
[2026-05-15 16:22:09] [watchlist] [INFO] 自选股分组列表查询
[2026-05-15 16:22:09] [watchlist] [INFO] 自选股行情快照查询
[2026-05-15 16:22:10] [watchlist] [INFO] 自选股分组列表查询
[2026-05-15 16:22:13] [watchlist] [INFO] 自选股分组列表查询
[2026-05-15 16:22:14] [watchlist] [INFO] 自选股分组列表查询
[2026-05-15 16:23:10] [watchlist] [INFO] 自选股分组列表查询
[2026-05-15 16:23:10] [watchlist] [INFO] 自选股分组列表查询
[2026-05-15 16:23:11] [watchlist] [INFO] 自选股分组列表查询
[2026-05-15 16:23:11] [watchlist] [INFO] 自选股分组列表查询
[2026-05-15 16:24:43] [watchlist] [INFO] 自选股分组列表查询
[2026-05-15 16:24:43] [watchlist] [INFO] 按分组查询自选股
[2026-05-15 16:24:44] [watchlist] [INFO] 自选股分组列表查询
[2026-05-15 16:24:44] [watchlist] [INFO] 按分组查询自选股
[2026-05-15 16:25:42] [watchlist] [INFO] 自选股分组列表查询
[2026-05-15 16:25:42] [watchlist] [INFO] 按分组查询自选股
[2026-05-15 16:25:42] [watchlist] [INFO] 自选股行情快照查询
[2026-05-15 16:25:43] [watchlist] [INFO] 自选股分组列表查询
[2026-05-15 16:25:43] [watchlist] [INFO] 按分组查询自选股
[2026-05-15 16:25:43] [watchlist] [INFO] 自选股行情快照查询
[2026-05-15 16:26:08] [watchlist] [INFO] 自选股分组列表查询
[2026-05-15 16:26:08] [watchlist] [INFO] 按分组查询自选股
[2026-05-15 16:26:08] [watchlist] [INFO] 自选股行情快照查询
[2026-05-15 16:26:09] [watchlist] [INFO] 自选股分组列表查询
[2026-05-15 16:26:09] [watchlist] [INFO] 按分组查询自选股
[2026-05-15 16:26:09] [watchlist] [INFO] 自选股行情快照查询
[2026-05-15 16:27:23] [watchlist] [INFO] 自选股分组列表查询
[2026-05-15 16:27:35] [watchlist] [INFO] 按分组查询自选股
[2026-05-15 16:30:20] [watchlist] [INFO] 自选股分组列表查询
[2026-05-15 16:30:20] [watchlist] [INFO] 按分组查询自选股
[2026-05-15 16:30:21] [watchlist] [INFO] 自选股分组列表查询
[2026-05-15 16:30:21] [watchlist] [INFO] 按分组查询自选股
[2026-05-15 16:30:21] [watchlist] [INFO] 自选股行情快照查询
[2026-05-15 16:30:21] [watchlist] [INFO] 按分组查询自选股
[2026-05-15 16:30:21] [watchlist] [INFO] 自选股分组列表查询
[2026-05-15 16:30:21] [watchlist] [INFO] 按分组查询自选股
[2026-05-15 16:30:21] [watchlist] [INFO] 自选股分组列表查询
[2026-05-15 16:30:21] [watchlist] [INFO] 自选股行情快照查询
[2026-05-15 16:31:10] [watchlist] [INFO] 自选股分组列表查询
[2026-05-15 16:31:10] [watchlist] [INFO] 按分组查询自选股
[2026-05-15 16:31:10] [watchlist] [INFO] 按分组查询自选股
[2026-05-15 16:31:10] [watchlist] [INFO] 自选股分组列表查询
[2026-05-15 16:31:10] [watchlist] [INFO] 自选股行情快照查询
[2026-05-15 16:31:30] [watchlist] [INFO] 自选股分组列表查询
[2026-05-15 16:31:30] [watchlist] [INFO] 按分组查询自选股
[2026-05-15 16:31:30] [watchlist] [INFO] 自选股分组列表查询
[2026-05-15 16:31:30] [watchlist] [INFO] 按分组查询自选股
[2026-05-15 16:31:30] [watchlist] [INFO] 自选股行情快照查询
[2026-05-15 16:39:16] [watchlist] [INFO] 股票搜索
[2026-05-15 17:03:52] [watchlist] [INFO] 股票搜索
[2026-05-15 17:15:24] [watchlist] [INFO] 自选股分组列表查询
[2026-05-15 17:15:24] [watchlist] [INFO] 按分组查询自选股
[2026-05-15 17:15:24] [watchlist] [INFO] 自选股分组列表查询
[2026-05-15 17:15:24] [watchlist] [INFO] 按分组查询自选股
[2026-05-15 17:15:24] [watchlist] [INFO] 自选股行情快照查询
[2026-05-15 17:40:36] [watchlist] [INFO] 自选股分组列表查询
[2026-05-15 17:40:36] [watchlist] [INFO] 按分组查询自选股
[2026-05-15 17:40:36] [watchlist] [INFO] 自选股分组列表查询
[2026-05-15 17:40:36] [watchlist] [INFO] 按分组查询自选股
[2026-05-15 17:40:37] [watchlist] [INFO] 自选股行情快照查询
